SF:lib/chat/chat_guard.dart
DA:26,1
DA:28,1
DA:33,1
DA:39,1
DA:41,1
DA:43,1
DA:53,2
DA:54,1
DA:55,1
DA:56,1
DA:57,1
DA:58,1
DA:59,1
DA:60,1
DA:61,1
DA:62,1
DA:63,1
DA:64,1
DA:65,1
DA:66,1
DA:67,1
DA:68,1
DA:69,1
DA:70,1
DA:71,1
DA:72,1
DA:73,1
DA:74,1
DA:75,1
DA:76,1
DA:77,1
DA:78,1
DA:79,1
DA:80,1
DA:81,1
DA:82,1
DA:83,1
DA:84,1
DA:85,1
DA:86,1
DA:87,1
DA:88,1
DA:89,1
DA:90,1
DA:91,1
DA:92,1
DA:93,1
DA:94,1
DA:95,1
DA:96,1
DA:97,1
DA:98,1
DA:99,1
DA:100,1
DA:101,1
DA:102,1
DA:103,1
DA:104,1
DA:105,1
DA:106,1
DA:107,1
DA:108,1
DA:109,1
DA:110,1
DA:111,1
DA:112,1
DA:113,1
DA:114,1
DA:115,1
DA:116,1
DA:120,2
DA:121,1
DA:122,1
DA:123,1
DA:124,1
DA:125,1
DA:126,1
DA:127,1
DA:128,1
DA:129,1
DA:130,1
DA:131,1
DA:132,1
DA:133,1
DA:134,1
DA:135,1
DA:136,1
DA:137,1
DA:138,1
DA:139,1
DA:140,1
DA:141,1
DA:142,1
DA:143,1
DA:144,1
DA:145,1
DA:146,1
DA:147,1
DA:148,1
DA:149,1
DA:150,1
DA:151,1
DA:152,1
DA:153,1
DA:154,1
DA:155,1
DA:156,1
DA:157,1
DA:158,1
DA:159,1
DA:160,1
DA:161,1
DA:162,1
DA:163,1
DA:164,1
DA:165,1
DA:166,1
DA:167,1
DA:168,1
DA:169,1
DA:170,1
DA:171,1
DA:172,1
DA:173,1
DA:174,1
DA:175,1
DA:176,1
DA:177,1
DA:178,1
DA:179,1
DA:180,1
DA:181,1
DA:182,1
DA:183,1
DA:184,1
DA:185,1
DA:186,1
DA:187,1
DA:188,1
DA:189,1
DA:190,1
DA:191,1
DA:192,1
DA:193,1
DA:194,1
DA:195,1
DA:196,1
DA:197,1
DA:198,1
DA:199,1
DA:200,1
DA:201,1
DA:202,1
DA:203,1
DA:204,1
DA:205,1
DA:206,1
DA:207,1
DA:208,1
DA:209,1
DA:213,2
DA:214,1
DA:215,1
DA:216,1
DA:217,1
DA:218,1
DA:219,1
DA:220,1
DA:221,1
DA:222,1
DA:223,1
DA:224,1
DA:225,1
DA:226,1
DA:227,1
DA:228,1
DA:229,1
DA:230,1
DA:231,1
DA:232,1
DA:233,1
DA:234,1
DA:235,1
DA:236,1
DA:237,1
DA:238,1
DA:239,1
DA:240,1
DA:241,1
DA:242,1
DA:243,1
DA:244,1
DA:245,1
DA:246,1
DA:247,1
DA:248,1
DA:249,1
DA:250,1
DA:251,1
DA:252,1
DA:253,1
DA:254,1
DA:255,1
DA:256,1
DA:257,1
DA:258,1
DA:259,1
DA:260,1
DA:261,1
DA:262,1
DA:263,1
DA:264,1
DA:265,1
DA:266,1
DA:267,1
DA:268,1
DA:269,1
DA:270,1
DA:271,1
DA:272,1
DA:273,1
DA:274,1
DA:275,1
DA:276,1
DA:277,1
DA:278,1
DA:279,1
DA:280,1
DA:281,1
DA:285,2
DA:286,1
DA:287,1
DA:288,1
DA:289,1
DA:290,1
DA:291,1
DA:292,1
DA:293,1
DA:294,1
DA:295,1
DA:296,1
DA:297,1
DA:298,1
DA:299,1
DA:300,1
DA:301,1
DA:302,1
DA:303,1
DA:304,1
DA:305,1
DA:306,1
DA:307,1
DA:308,1
DA:309,1
DA:310,1
DA:311,1
DA:312,1
DA:313,1
DA:314,1
DA:315,1
DA:316,1
DA:317,1
DA:318,1
DA:319,1
DA:320,1
DA:321,1
DA:322,1
DA:323,1
DA:324,1
DA:325,1
DA:326,1
DA:327,1
DA:328,1
DA:329,1
DA:330,1
DA:331,1
DA:332,1
DA:333,1
DA:334,1
DA:335,1
DA:336,1
DA:337,1
DA:338,1
DA:339,1
DA:340,1
DA:341,1
DA:342,1
DA:343,1
DA:344,1
DA:345,1
DA:346,1
DA:347,1
DA:348,1
DA:349,1
DA:350,1
DA:351,1
DA:352,1
DA:353,1
DA:354,1
DA:355,1
DA:356,1
DA:357,1
DA:358,1
DA:359,1
DA:360,1
DA:361,1
DA:362,1
DA:363,1
DA:364,1
DA:365,1
DA:366,1
DA:367,1
DA:368,1
DA:369,1
DA:370,1
DA:371,1
DA:372,1
DA:373,1
DA:374,1
DA:375,1
DA:376,1
DA:377,1
DA:378,1
DA:379,1
DA:380,1
DA:381,1
DA:382,1
DA:383,1
DA:384,1
DA:385,1
DA:386,1
DA:387,1
DA:388,1
DA:389,1
DA:390,1
DA:391,1
DA:392,1
DA:393,1
DA:394,1
DA:395,1
DA:396,1
DA:397,1
DA:398,1
DA:399,1
DA:400,1
DA:401,1
DA:402,1
DA:403,1
DA:404,1
DA:405,1
DA:406,1
DA:407,1
DA:408,1
DA:409,1
DA:410,1
DA:411,1
DA:412,1
DA:413,1
DA:414,1
DA:415,1
DA:416,1
DA:417,1
DA:418,1
DA:419,1
DA:420,1
DA:421,1
DA:422,1
DA:423,1
DA:424,1
DA:425,1
DA:426,1
DA:427,1
DA:428,1
DA:429,1
DA:433,2
DA:434,1
DA:435,1
DA:436,1
DA:437,1
DA:438,1
DA:439,1
DA:440,1
DA:441,1
DA:442,1
DA:443,1
DA:444,1
DA:445,1
DA:446,1
DA:447,1
DA:448,1
DA:449,1
DA:450,1
DA:451,1
DA:452,1
DA:453,1
DA:454,1
DA:455,1
DA:456,1
DA:457,1
DA:458,1
DA:459,1
DA:460,1
DA:461,1
DA:462,1
DA:463,1
DA:464,1
DA:465,1
DA:466,1
DA:467,1
DA:468,1
DA:469,1
DA:470,1
DA:471,1
DA:472,1
DA:473,1
DA:474,1
DA:475,1
DA:476,1
DA:477,1
DA:478,1
DA:479,1
DA:480,1
DA:481,1
DA:482,1
DA:483,1
DA:484,1
DA:485,1
DA:486,1
DA:487,1
DA:488,1
DA:489,1
DA:490,1
DA:491,1
DA:492,1
DA:493,1
DA:494,1
DA:495,1
DA:496,1
DA:497,1
DA:498,1
DA:499,1
DA:500,1
DA:501,1
DA:502,1
DA:503,1
DA:507,3
DA:508,1
DA:509,1
DA:510,1
DA:511,1
DA:512,1
DA:516,3
DA:517,1
DA:521,1
DA:525,1
DA:529,1
DA:533,1
DA:537,1
DA:546,1
DA:547,1
DA:550,2
DA:551,1
DA:559,1
DA:560,2
DA:561,2
DA:562,1
DA:563,4
DA:565,1
DA:567,1
DA:571,2
DA:572,2
DA:573,1
DA:579,2
DA:580,2
DA:582,2
DA:583,1
DA:584,0
DA:587,5
DA:588,1
DA:596,2
DA:597,1
DA:599,1
DA:605,2
DA:608,3
DA:611,2
DA:614,4
DA:615,1
DA:616,3
DA:620,0
DA:629,1
DA:630,1
DA:631,1
DA:635,1
DA:636,1
DA:639,1
DA:640,2
DA:641,2
DA:642,5
DA:643,1
DA:646,1
DA:647,2
DA:648,2
DA:649,1
DA:650,1
DA:655,1
DA:656,2
DA:657,1
DA:658,0
DA:663,1
DA:664,3
DA:666,1
DA:667,0
DA:670,1
LF:513
LH:509
end_of_record
SF:lib/views/widgets/appbar_widget.dart
DA:4,1
DA:6,2
DA:8,2
DA:16,2
LF:4
LH:4
end_of_record
SF:lib/data/notifiers.dart
DA:3,12
DA:4,18
LF:2
LH:2
end_of_record
SF:lib/models/analysis_progress.dart
DA:14,4
DA:35,3
DA:36,6
DA:38,15
DA:44,3
DA:45,3
DA:46,3
DA:48,3
DA:50,3
DA:52,1
DA:54,1
LF:11
LH:11
end_of_record
SF:lib/models/detection_result.dart
DA:6,1
DA:13,2
DA:14,1
DA:15,1
DA:16,1
DA:17,1
DA:20,1
DA:21,1
DA:22,2
DA:23,2
DA:24,2
DA:25,2
DA:37,2
DA:45,1
DA:49,1
DA:51,1
DA:52,2
DA:54,1
DA:55,1
DA:56,1
DA:59,2
DA:64,1
DA:65,1
DA:66,1
DA:67,1
DA:68,2
DA:70,3
LF:27
LH:27
end_of_record
SF:lib/models/image_model.dart
DA:12,1
DA:22,1
DA:23,1
DA:24,1
DA:25,1
DA:26,1
DA:27,1
DA:28,1
DA:29,2
DA:30,1
DA:34,1
DA:35,1
DA:36,1
DA:37,1
DA:38,1
DA:39,1
DA:40,2
DA:41,2
DA:42,1
LF:19
LH:19
end_of_record
SF:lib/models/plant_model.dart
DA:11,1
DA:20,1
DA:21,1
DA:22,1
DA:23,1
DA:24,2
DA:25,1
DA:26,1
DA:27,1
DA:31,1
DA:32,1
DA:33,1
DA:34,1
DA:35,2
DA:36,1
DA:37,2
DA:38,1
DA:42,1
DA:50,1
DA:51,1
DA:52,1
DA:53,1
DA:54,1
DA:55,1
DA:56,1
LF:25
LH:25
end_of_record
SF:lib/services/auth_service.dart
DA:12,2
DA:13,0
DA:16,0
DA:18,0
DA:20,0
DA:25,0
DA:28,0
DA:31,0
DA:37,0
DA:39,0
DA:45,0
DA:46,0
DA:51,0
DA:54,0
DA:55,0
DA:60,0
DA:65,0
DA:70,0
DA:72,0
DA:73,0
DA:78,0
DA:81,0
DA:84,0
DA:87,0
DA:89,0
DA:93,0
DA:96,0
DA:99,0
DA:100,0
DA:105,0
DA:109,0
DA:115,0
DA:118,0
DA:120,0
DA:123,0
DA:124,0
DA:125,0
DA:127,0
DA:133,0
DA:136,0
DA:137,0
DA:142,0
DA:146,0
DA:150,0
DA:151,0
DA:152,0
DA:154,0
DA:156,0
DA:157,0
DA:161,0
DA:162,0
DA:163,0
DA:164,0
DA:165,0
DA:166,0
DA:167,0
DA:168,0
DA:169,0
DA:170,0
DA:171,0
DA:172,0
DA:173,0
DA:174,0
DA:178,0
LF:64
LH:1
end_of_record
SF:lib/services/user_service.dart
DA:11,0
DA:14,0
DA:19,0
DA:20,0
DA:21,0
DA:22,0
DA:23,0
DA:24,0
DA:25,0
DA:26,0
DA:27,0
DA:28,0
DA:29,0
DA:31,0
DA:34,0
DA:38,0
DA:39,0
DA:40,0
DA:44,0
DA:45,0
DA:47,0
DA:52,0
DA:54,0
DA:55,0
DA:56,0
DA:60,0
DA:66,0
DA:69,0
DA:70,0
DA:71,0
DA:74,0
DA:78,0
DA:83,0
DA:84,0
DA:88,0
DA:91,0
DA:92,0
DA:93,0
DA:95,0
DA:97,0
DA:103,0
DA:105,0
DA:107,0
DA:111,0
DA:112,0
DA:116,0
DA:117,0
DA:118,0
DA:119,0
DA:122,0
DA:123,0
DA:124,0
DA:125,0
DA:126,0
DA:131,0
DA:133,0
DA:134,0
DA:135,0
DA:141,0
DA:142,0
DA:147,0
DA:150,0
DA:151,0
DA:156,0
DA:158,0
DA:159,0
DA:160,0
DA:161,0
DA:162,0
DA:165,0
DA:166,0
DA:169,0
DA:170,0
DA:171,0
DA:172,0
DA:180,0
DA:181,0
DA:182,0
DA:183,0
DA:185,0
DA:186,0
DA:188,0
DA:189,0
DA:190,0
DA:196,0
LF:85
LH:0
end_of_record
SF:lib/utils/logger.dart
DA:5,3
DA:7,1
DA:17,1
DA:19,1
DA:24,1
DA:32,0
DA:38,0
DA:54,0
DA:55,0
DA:61,0
DA:62,0
DA:63,0
LF:12
LH:5
end_of_record
SF:lib/services/background_detection_service.dart
DA:12,0
DA:13,0
DA:14,0
DA:15,0
DA:30,0
DA:32,0
DA:33,0
DA:34,0
DA:39,0
DA:42,0
DA:43,0
DA:45,0
DA:49,0
DA:51,0
DA:58,0
DA:60,0
DA:67,0
DA:69,0
DA:70,0
DA:74,0
DA:75,0
DA:76,0
DA:79,0
DA:84,0
DA:86,0
DA:87,0
DA:90,0
DA:92,0
DA:98,0
DA:99,0
DA:104,0
DA:105,0
DA:106,0
DA:110,0
DA:111,0
DA:112,0
DA:113,0
DA:114,0
DA:115,0
DA:116,0
DA:121,0
DA:122,0
DA:123,0
DA:125,0
DA:127,0
DA:128,0
DA:131,0
DA:132,0
DA:133,0
DA:138,0
DA:145,0
DA:146,0
DA:150,0
DA:153,0
DA:163,0
DA:169,0
DA:171,0
DA:174,0
DA:175,0
DA:179,0
DA:183,0
DA:185,0
DA:189,0
DA:193,0
DA:196,0
DA:197,0
DA:201,0
DA:206,0
DA:211,0
DA:213,0
DA:223,0
DA:228,0
DA:229,0
DA:230,0
DA:232,0
DA:233,0
DA:236,0
DA:237,0
DA:240,0
DA:241,0
DA:246,0
DA:247,0
DA:248,0
DA:251,0
DA:255,0
DA:258,0
DA:265,0
DA:277,0
DA:279,0
DA:284,0
DA:291,0
DA:296,0
DA:297,0
DA:300,0
DA:302,0
DA:303,0
DA:304,0
DA:307,0
DA:314,0
DA:315,0
DA:317,0
DA:320,0
DA:324,0
DA:327,0
DA:328,0
DA:330,0
DA:340,0
DA:342,0
DA:343,0
DA:344,0
DA:350,0
DA:351,0
DA:352,0
DA:354,0
DA:356,0
DA:357,0
DA:358,0
DA:361,0
DA:362,0
DA:363,0
DA:366,0
DA:369,0
DA:370,0
DA:373,0
DA:374,0
DA:375,0
DA:376,0
DA:377,0
DA:378,0
DA:381,0
DA:383,0
DA:387,0
DA:389,0
DA:392,0
DA:393,0
DA:395,0
DA:398,0
DA:400,0
DA:404,0
DA:408,0
DA:417,0
DA:418,0
DA:419,0
DA:420,0
DA:422,0
DA:433,0
DA:434,0
DA:441,0
DA:443,0
DA:444,0
DA:445,0
DA:447,0
DA:450,0
DA:453,0
DA:456,0
DA:459,0
DA:462,0
DA:464,0
DA:465,0
DA:466,0
DA:470,0
DA:475,0
DA:479,0
DA:481,0
DA:482,0
DA:485,0
DA:486,0
DA:489,0
DA:490,0
DA:491,0
DA:492,0
LF:171
LH:0
end_of_record
SF:lib/services/tflite_interop/tflite_interface.dart
DA:12,0
DA:17,0
DA:19,0
DA:23,0
DA:42,0
DA:47,0
DA:49,0
DA:53,0
LF:8
LH:0
end_of_record
SF:lib/services/database_service.dart
DA:20,0
DA:23,0
DA:26,0
DA:29,0
DA:36,0
DA:40,0
DA:41,0
DA:42,0
DA:43,0
DA:46,0
DA:52,0
DA:53,0
DA:55,0
DA:59,0
DA:60,0
DA:62,0
DA:66,0
DA:67,0
DA:68,0
DA:70,0
DA:71,0
DA:72,0
DA:75,0
DA:76,0
DA:78,0
DA:79,0
DA:81,0
DA:82,0
DA:84,0
DA:85,0
DA:92,0
DA:95,0
DA:96,0
DA:97,0
DA:101,0
DA:109,0
DA:112,0
DA:113,0
DA:116,0
DA:117,0
DA:118,0
DA:121,0
DA:122,0
DA:128,0
DA:129,0
DA:134,0
DA:136,0
DA:137,0
DA:140,0
DA:141,0
DA:143,0
DA:146,0
DA:148,0
DA:149,0
DA:150,0
DA:151,0
DA:153,0
DA:154,0
DA:155,0
DA:158,0
DA:161,0
DA:162,0
DA:163,0
DA:167,0
DA:168,0
DA:169,0
DA:170,0
DA:171,0
DA:173,0
DA:174,0
DA:175,0
DA:178,0
DA:179,0
DA:184,0
DA:190,0
DA:191,0
DA:192,0
DA:193,0
DA:194,0
DA:195,0
DA:197,0
DA:198,0
DA:199,0
DA:201,0
DA:202,0
DA:207,0
DA:213,0
DA:216,0
DA:219,0
DA:220,0
DA:225,0
DA:228,0
DA:229,0
DA:230,0
DA:233,0
DA:234,0
DA:237,0
DA:239,0
DA:240,0
DA:242,0
DA:243,0
DA:246,0
DA:247,0
DA:248,0
DA:253,0
DA:261,0
DA:263,0
DA:269,0
DA:270,0
DA:274,0
DA:278,0
DA:281,0
DA:283,0
DA:284,0
DA:289,0
DA:290,0
DA:292,0
DA:294,0
DA:295,0
DA:300,0
DA:301,0
DA:302,0
DA:303,0
DA:305,0
DA:306,0
DA:307,0
DA:308,0
DA:316,0
DA:317,0
DA:318,0
DA:319,0
DA:321,0
DA:322,0
DA:330,0
DA:331,0
DA:332,0
DA:337,0
DA:344,0
DA:346,0
DA:348,0
DA:351,0
DA:352,0
DA:357,0
DA:358,0
LF:144
LH:0
end_of_record
SF:lib/services/detection_service.dart
DA:17,3
DA:18,3
LF:2
LH:2
end_of_record
SF:lib/services/detection_service_impl.dart
DA:14,6
DA:15,3
DA:16,6
DA:17,3
DA:27,0
DA:28,0
DA:30,0
DA:32,0
DA:34,0
DA:38,0
DA:40,0
DA:45,0
DA:47,0
DA:51,0
DA:52,0
DA:53,0
DA:55,0
DA:56,0
DA:58,0
DA:59,0
DA:60,0
DA:62,0
DA:63,0
DA:67,0
DA:71,0
DA:75,0
DA:79,0
DA:84,0
DA:85,0
DA:86,0
DA:89,0
DA:90,0
DA:92,0
DA:93,0
DA:94,0
DA:95,0
DA:97,0
DA:104,0
DA:105,0
DA:106,0
DA:107,0
DA:108,0
DA:114,0
DA:115,0
DA:116,0
DA:117,0
DA:118,0
DA:120,0
DA:124,0
DA:128,0
DA:130,0
DA:131,0
DA:132,0
DA:133,0
DA:138,0
DA:139,0
DA:140,0
DA:141,0
DA:147,0
DA:150,1
DA:152,1
DA:153,1
DA:154,1
DA:155,2
DA:161,0
DA:163,0
DA:166,0
DA:168,0
DA:169,0
DA:171,0
DA:172,0
DA:173,0
DA:176,0
DA:178,0
DA:179,0
DA:180,0
DA:181,0
DA:182,0
DA:183,0
LF:79
LH:9
end_of_record
SF:lib/services/tflite_interop/tflite_wrapper.dart
DA:5,0
DA:6,0
DA:7,0
DA:15,0
DA:16,0
DA:18,0
DA:23,0
DA:24,0
DA:25,0
DA:27,0
DA:28,0
DA:29,0
DA:32,0
DA:34,0
DA:35,0
DA:38,0
DA:39,0
DA:42,0
DA:45,0
DA:47,0
DA:48,0
DA:49,0
DA:52,0
DA:54,0
DA:55,0
DA:57,0
DA:60,0
DA:62,0
DA:63,0
DA:65,0
DA:76,0
DA:78,0
DA:79,0
DA:81,0
DA:83,0
DA:84,0
DA:86,0
DA:88,0
DA:90,0
DA:92,0
DA:94,0
DA:96,0
DA:98,0
DA:113,0
DA:114,0
DA:121,0
DA:123,0
DA:124,0
DA:125,0
DA:126,0
DA:128,0
DA:132,0
DA:133,0
DA:136,0
DA:137,0
DA:138,0
DA:141,0
DA:142,0
DA:143,0
DA:146,0
DA:147,0
DA:148,0
DA:151,0
DA:152,0
DA:153,0
DA:156,0
DA:158,0
DA:159,0
DA:160,0
DA:161,0
DA:164,0
DA:165,0
DA:166,0
LF:73
LH:0
end_of_record
SF:lib/services/inference_service.dart
DA:21,3
DA:25,0
DA:32,0
DA:33,0
DA:36,0
DA:39,0
DA:42,0
DA:47,0
DA:52,0
DA:56,0
DA:57,0
DA:71,0
DA:72,0
DA:74,0
DA:75,0
DA:81,0
DA:82,0
DA:85,0
DA:88,0
DA:96,1
DA:99,1
DA:104,1
DA:105,1
DA:106,1
DA:108,1
DA:109,1
DA:110,1
DA:111,1
DA:113,1
DA:118,1
DA:119,1
DA:120,1
DA:122,1
DA:125,1
DA:128,0
DA:131,0
DA:137,1
DA:143,2
DA:144,1
DA:148,1
DA:154,1
DA:155,2
DA:156,2
DA:158,2
LF:44
LH:24
end_of_record
SF:lib/services/plant_service.dart
DA:29,0
DA:30,0
DA:31,0
DA:33,0
DA:38,0
DA:39,0
DA:41,0
DA:42,0
DA:43,0
DA:44,0
DA:48,0
DA:49,0
DA:51,0
DA:54,0
DA:55,0
DA:56,0
DA:57,0
DA:62,0
DA:63,0
DA:64,0
DA:69,0
DA:70,0
DA:71,0
DA:76,0
DA:79,0
DA:81,0
DA:83,0
DA:85,0
DA:88,0
DA:89,0
DA:95,0
DA:96,0
DA:98,0
DA:101,0
DA:103,0
DA:104,0
DA:105,0
DA:111,0
DA:112,0
DA:115,0
DA:117,0
DA:118,0
DA:120,0
DA:122,0
DA:123,0
DA:124,0
DA:125,0
DA:126,0
DA:127,0
DA:129,0
DA:131,0
DA:134,0
DA:135,0
DA:137,0
DA:138,0
DA:141,0
DA:146,0
DA:149,0
DA:159,0
DA:160,0
DA:164,0
DA:165,0
DA:166,0
DA:168,0
DA:174,0
DA:177,0
DA:178,0
DA:180,0
DA:182,0
DA:183,0
DA:187,0
DA:191,0
DA:192,0
DA:194,0
DA:195,0
DA:198,0
DA:200,0
DA:201,0
DA:206,0
DA:213,0
DA:214,0
DA:217,0
DA:222,0
DA:223,0
DA:230,0
DA:239,0
DA:240,0
DA:247,0
DA:249,0
DA:250,0
DA:253,0
DA:254,0
DA:261,0
DA:262,0
DA:269,0
DA:277,0
DA:278,0
DA:285,0
DA:287,0
DA:289,0
DA:293,0
DA:294,0
DA:297,0
DA:298,0
DA:299,0
DA:300,0
DA:301,0
DA:302,0
DA:303,0
DA:305,0
DA:308,0
DA:310,0
DA:319,0
DA:323,0
DA:328,0
DA:333,0
DA:334,0
DA:337,0
DA:338,0
DA:339,0
DA:340,0
DA:344,0
DA:345,0
DA:349,0
DA:352,0
DA:356,0
DA:359,0
DA:360,0
DA:365,0
DA:366,0
DA:369,0
DA:374,0
DA:379,0
DA:380,0
DA:383,0
DA:384,0
DA:385,0
DA:387,0
DA:389,0
DA:391,0
DA:392,0
DA:397,0
DA:401,0
DA:408,0
DA:409,0
DA:414,0
DA:415,0
DA:421,0
DA:422,0
DA:424,0
DA:426,0
DA:430,0
DA:434,0
DA:440,0
DA:441,0
DA:444,0
DA:448,0
DA:449,0
DA:450,0
DA:453,0
DA:454,0
DA:455,0
DA:456,0
DA:457,0
DA:458,0
DA:459,0
DA:460,0
DA:462,0
DA:463,0
DA:465,0
DA:470,0
DA:471,0
DA:472,0
DA:473,0
DA:475,0
DA:476,0
DA:477,0
DA:478,0
DA:480,0
DA:481,0
DA:482,0
DA:487,0
DA:494,0
DA:495,0
DA:496,0
DA:499,0
DA:500,0
DA:501,0
DA:502,0
DA:503,0
DA:504,0
DA:505,0
DA:508,0
DA:514,0
DA:515,0
DA:516,0
DA:518,0
DA:519,0
DA:520,0
DA:521,0
DA:524,0
DA:526,0
DA:529,0
DA:530,0
DA:531,0
DA:533,0
DA:534,0
DA:540,0
DA:541,0
DA:543,0
DA:546,0
DA:550,0
DA:551,0
DA:558,0
DA:559,0
DA:565,0
DA:575,0
DA:576,0
DA:581,0
DA:582,0
DA:589,0
DA:590,0
DA:597,0
DA:603,0
DA:608,0
DA:614,0
DA:615,0
DA:622,0
DA:623,0
DA:625,0
DA:627,0
DA:628,0
DA:629,0
DA:631,0
DA:633,0
DA:634,0
DA:636,0
DA:637,0
DA:638,0
DA:639,0
DA:641,0
DA:642,0
DA:644,0
DA:646,0
DA:648,0
DA:650,0
DA:651,0
DA:653,0
DA:654,0
DA:657,0
DA:660,0
DA:661,0
DA:664,0
DA:670,0
DA:671,0
DA:678,0
DA:703,0
DA:705,0
DA:707,0
DA:712,0
DA:713,0
DA:715,0
DA:716,0
DA:717,0
DA:721,0
DA:722,0
DA:723,0
DA:724,0
DA:725,0
DA:726,0
DA:729,0
DA:730,0
DA:731,0
DA:751,0
DA:752,0
DA:758,0
DA:762,0
DA:763,0
DA:765,0
DA:767,0
DA:772,0
DA:773,0
DA:775,0
DA:776,0
DA:777,0
DA:781,0
DA:782,0
DA:783,0
DA:784,0
DA:785,0
DA:786,0
DA:787,0
DA:790,0
DA:791,0
DA:792,0
DA:797,0
DA:798,0
DA:799,0
DA:800,0
LF:299
LH:0
end_of_record
SF:lib/utils/storage_utils.dart
DA:7,1
DA:8,1
DA:9,1
DA:10,1
DA:11,2
DA:12,2
DA:13,3
DA:14,1
DA:18,2
DA:21,2
DA:24,1
DA:25,1
DA:29,1
DA:35,1
DA:39,1
DA:46,1
DA:50,1
DA:51,1
DA:55,1
DA:56,1
DA:60,1
DA:61,3
DA:65,1
DA:67,2
DA:71,1
DA:72,1
DA:73,1
DA:74,1
DA:76,1
DA:84,3
DA:87,1
DA:88,2
LF:32
LH:32
end_of_record
SF:lib/services/segmentation_service.dart
DA:12,3
DA:13,2
DA:14,1
DA:24,2
DA:27,0
DA:30,0
DA:31,0
DA:33,0
DA:35,0
DA:39,0
DA:40,0
DA:41,0
DA:43,0
DA:44,0
DA:47,0
DA:48,0
DA:52,0
DA:55,0
DA:57,0
DA:60,0
DA:65,0
DA:66,0
DA:72,0
DA:73,0
DA:74,0
DA:75,0
DA:76,0
DA:83,0
DA:90,0
DA:91,0
DA:93,0
DA:94,0
DA:95,0
DA:97,0
DA:103,0
DA:104,0
DA:105,0
DA:106,0
DA:107,0
DA:108,0
DA:114,0
DA:115,0
DA:116,0
DA:117,0
DA:118,0
DA:119,0
DA:121,0
DA:129,0
DA:130,0
DA:131,0
DA:132,0
DA:133,0
DA:139,0
DA:140,0
DA:141,0
DA:142,0
DA:145,0
DA:146,0
DA:148,0
DA:149,0
DA:150,0
DA:151,0
DA:152,0
DA:153,0
DA:154,0
DA:155,0
DA:156,0
DA:159,0
DA:161,0
DA:163,0
DA:165,0
DA:167,0
DA:172,0
DA:173,0
DA:176,0
DA:177,0
DA:178,0
DA:179,0
DA:180,0
DA:181,0
DA:182,0
DA:185,0
DA:186,0
DA:190,0
DA:191,0
DA:195,0
DA:196,0
DA:203,0
DA:206,0
DA:211,0
DA:214,0
DA:215,0
DA:217,0
DA:222,0
DA:229,1
DA:230,1
DA:231,1
DA:232,1
LF:98
LH:8
end_of_record
SF:lib/services/segmentation_service_onnx.dart
DA:11,0
DA:12,0
DA:13,0
DA:14,0
DA:23,0
DA:25,0
DA:26,0
DA:27,0
DA:28,0
DA:30,0
DA:31,0
DA:32,0
DA:33,0
DA:34,0
DA:35,0
DA:36,0
DA:38,0
DA:39,0
DA:41,0
DA:43,0
DA:44,0
DA:48,0
DA:52,0
DA:53,0
DA:54,0
DA:55,0
DA:56,0
DA:61,0
DA:62,0
DA:63,0
DA:66,0
DA:67,0
DA:68,0
DA:69,0
DA:70,0
DA:71,0
DA:72,0
DA:73,0
DA:74,0
DA:75,0
DA:76,0
DA:79,0
DA:80,0
DA:81,0
DA:82,0
DA:85,0
DA:86,0
DA:89,0
DA:91,0
DA:92,0
DA:94,0
DA:95,0
DA:96,0
DA:99,0
DA:100,0
DA:101,0
DA:102,0
DA:103,0
DA:104,0
DA:105,0
DA:109,0
DA:110,0
DA:111,0
DA:112,0
DA:113,0
DA:115,0
DA:119,0
DA:120,0
DA:122,0
DA:123,0
DA:127,0
DA:128,0
DA:134,0
DA:135,0
DA:136,0
DA:137,0
LF:76
LH:0
end_of_record
SF:lib/utils/ui_utils.dart
DA:6,1
DA:7,1
DA:10,1
DA:11,1
DA:13,1
DA:15,1
DA:17,1
DA:20,1
DA:30,1
DA:31,2
DA:35,2
DA:36,2
DA:37,1
DA:41,0
DA:46,0
DA:50,0
DA:53,0
DA:54,0
DA:55,0
DA:56,0
DA:60,0
DA:62,0
DA:64,0
DA:66,0
DA:68,0
DA:71,0
DA:88,0
DA:91,0
DA:92,0
DA:95,0
DA:98,0
DA:102,1
DA:110,1
DA:112,1
DA:113,1
DA:114,1
DA:115,1
DA:116,1
DA:117,1
DA:118,1
DA:119,3
DA:121,1
DA:122,2
DA:123,3
DA:133,1
DA:139,2
DA:140,1
DA:141,1
DA:150,1
DA:151,1
DA:155,1
DA:156,1
LF:52
LH:34
end_of_record
SF:lib/utils/web_utils.dart
DA:7,0
DA:8,0
DA:9,0
DA:12,0
DA:13,0
DA:14,0
DA:18,0
DA:19,0
DA:20,0
DA:21,0
DA:23,0
LF:11
LH:0
end_of_record
SF:lib/views/pages/chat_page.dart
DA:8,1
DA:10,0
DA:11,0
DA:34,0
DA:36,0
DA:37,0
DA:40,0
DA:42,0
DA:44,0
DA:46,0
DA:47,0
DA:48,0
DA:49,0
DA:50,0
DA:51,0
DA:52,0
DA:54,0
DA:55,0
DA:61,0
DA:62,0
DA:63,0
DA:65,0
DA:67,0
DA:68,0
DA:72,0
DA:75,0
DA:77,0
DA:79,0
DA:83,0
DA:84,0
DA:86,0
DA:88,0
DA:89,0
DA:90,0
DA:96,0
DA:98,0
DA:104,0
DA:106,0
DA:108,0
DA:109,0
DA:110,0
DA:112,0
DA:114,0
DA:116,0
DA:117,0
DA:118,0
DA:119,0
DA:120,0
DA:143,0
DA:144,0
DA:146,0
DA:147,0
DA:151,0
DA:152,0
DA:156,0
DA:163,0
DA:165,0
DA:167,0
DA:168,0
DA:169,0
DA:171,0
DA:173,0
DA:174,0
DA:175,0
DA:176,0
DA:177,0
DA:182,0
DA:183,0
DA:184,0
DA:189,0
DA:190,0
DA:194,0
DA:196,0
DA:197,0
DA:198,0
DA:217,0
DA:218,0
DA:219,0
DA:223,0
DA:225,0
DA:226,0
DA:227,0
DA:228,0
DA:233,0
DA:235,0
DA:237,0
DA:239,0
DA:240,0
DA:241,0
DA:244,0
DA:253,0
DA:257,0
DA:258,0
DA:260,0
DA:262,0
DA:267,0
DA:273,0
DA:274,0
DA:275,0
DA:279,0
DA:280,0
DA:281,0
LF:102
LH:1
end_of_record
SF:lib/views/services/gemini_service.dart
DA:5,3
DA:16,1
DA:17,1
DA:21,1
DA:23,2
DA:24,0
DA:25,0
DA:31,1
DA:35,2
DA:38,2
DA:40,2
DA:42,3
DA:58,1
DA:69,1
DA:72,2
DA:73,2
DA:75,2
DA:76,0
DA:78,0
DA:79,0
DA:80,0
DA:85,0
DA:87,3
DA:97,0
DA:99,0
DA:102,0
DA:103,0
DA:108,0
DA:111,0
DA:114,0
DA:117,0
LF:31
LH:16
end_of_record
SF:lib/views/services/openrouter_service.dart
DA:5,3
DA:13,1
DA:14,1
DA:17,1
DA:19,1
DA:20,1
DA:21,4
DA:22,1
DA:23,2
DA:59,2
DA:62,1
DA:63,1
DA:67,1
DA:76,1
DA:78,2
DA:79,0
DA:80,0
DA:81,0
DA:84,5
LF:19
LH:16
end_of_record
SF:lib/views/services/chat_service.dart
DA:4,3
DA:6,1
DA:7,1
DA:10,1
DA:15,1
DA:16,2
DA:17,2
DA:20,1
DA:21,2
DA:22,2
DA:24,2
DA:25,2
LF:12
LH:12
end_of_record
SF:lib/views/pages/home_page.dart
DA:11,1
DA:13,0
DA:14,0
DA:20,0
DA:22,0
DA:25,0
DA:27,0
DA:30,0
DA:31,0
DA:32,0
DA:34,0
DA:35,0
DA:36,0
DA:37,0
DA:38,0
DA:39,0
DA:40,0
DA:43,0
DA:46,0
DA:47,0
DA:48,0
DA:49,0
DA:51,0
DA:54,0
DA:59,0
DA:61,0
DA:66,0
DA:68,0
DA:71,0
DA:73,0
DA:74,0
DA:75,0
DA:76,0
DA:77,0
DA:80,0
DA:95,0
DA:96,0
DA:97,0
DA:98,0
DA:100,0
DA:101,0
DA:103,0
DA:105,0
DA:106,0
DA:108,0
DA:109,0
DA:110,0
DA:111,0
DA:112,0
DA:114,0
DA:117,0
DA:119,0
DA:120,0
DA:121,0
DA:123,0
DA:125,0
DA:127,0
DA:137,0
DA:138,0
DA:140,0
DA:141,0
DA:142,0
DA:144,0
DA:146,0
DA:148,0
DA:157,0
DA:158,0
LF:67
LH:1
end_of_record
SF:lib/views/pages/processing_page.dart
DA:9,0
DA:13,0
DA:14,0
DA:21,0
DA:23,0
DA:24,0
DA:27,0
DA:29,0
DA:32,0
DA:33,0
DA:34,0
DA:35,0
DA:36,0
DA:38,0
DA:40,0
DA:41,0
DA:42,0
DA:46,0
DA:50,0
DA:52,0
DA:55,0
DA:62,0
DA:64,0
DA:65,0
DA:66,0
DA:68,0
DA:70,0
DA:72,0
DA:75,0
DA:76,0
DA:81,0
DA:82,0
LF:32
LH:0
end_of_record
SF:lib/views/pages/results_page.dart
DA:9,0
DA:13,0
DA:14,0
DA:21,0
DA:23,0
DA:24,0
DA:27,0
DA:29,0
DA:31,0
DA:34,0
DA:36,0
DA:40,0
DA:41,0
DA:43,0
DA:47,0
DA:50,0
DA:55,0
DA:56,0
DA:58,0
DA:60,0
DA:61,0
DA:62,0
DA:67,0
DA:69,0
DA:71,0
DA:73,0
DA:74,0
DA:76,0
DA:77,0
DA:78,0
DA:79,0
DA:80,0
DA:82,0
DA:85,0
DA:86,0
DA:91,0
DA:93,0
DA:94,0
DA:95,0
DA:96,0
DA:97,0
DA:98,0
DA:99,0
LF:43
LH:0
end_of_record
SF:lib/views/widgets/card_widget.dart
DA:13,0
DA:30,0
DA:31,0
DA:40,0
DA:42,0
DA:43,0
DA:44,0
DA:45,0
DA:49,0
DA:51,0
DA:53,0
DA:54,0
DA:56,0
DA:57,0
DA:65,0
DA:66,0
DA:68,0
DA:69,0
DA:72,0
DA:78,0
DA:83,0
DA:88,0
DA:89,0
DA:92,0
DA:94,0
DA:95,0
DA:100,0
DA:101,0
DA:109,0
DA:110,0
DA:114,0
DA:116,0
DA:120,0
DA:121,0
DA:122,0
DA:128,0
DA:129,0
DA:131,0
DA:133,0
DA:134,0
DA:140,0
DA:142,0
DA:144,0
DA:147,0
DA:148,0
DA:149,0
DA:150,0
DA:153,0
DA:154,0
DA:155,0
DA:157,0
DA:159,0
DA:161,0
DA:163,0
DA:165,0
DA:166,0
DA:173,0
DA:175,0
DA:176,0
DA:177,0
DA:180,0
DA:181,0
DA:182,0
DA:183,0
DA:184,0
DA:185,0
DA:195,0
DA:196,0
DA:197,0
DA:198,0
DA:204,0
DA:205,0
DA:208,0
DA:210,0
DA:211,0
DA:214,0
DA:217,0
DA:219,0
DA:221,0
DA:227,0
DA:228,0
DA:235,0
DA:236,0
DA:238,0
DA:244,0
DA:245,0
DA:247,0
DA:250,0
DA:251,0
DA:252,0
DA:253,0
DA:263,0
DA:264,0
DA:267,0
DA:269,0
DA:271,0
LF:96
LH:0
end_of_record
SF:lib/views/widgets/hero_widget.dart
DA:5,2
DA:9,1
DA:11,1
DA:13,1
DA:14,1
DA:16,1
DA:17,1
DA:18,1
DA:19,1
DA:20,1
DA:21,1
DA:22,1
DA:23,1
DA:36,1
DA:37,1
DA:38,1
DA:39,1
DA:40,1
DA:41,1
DA:42,1
LF:20
LH:20
end_of_record
SF:lib/views/pages/login_page.dart
DA:8,1
DA:10,1
DA:11,1
DA:23,0
DA:25,0
DA:26,0
DA:27,0
DA:30,0
DA:32,0
DA:33,0
DA:34,0
DA:35,0
DA:36,0
DA:37,0
DA:39,0
DA:40,0
DA:41,0
DA:42,0
DA:43,0
DA:46,0
DA:49,0
DA:50,0
DA:52,0
DA:53,0
DA:59,0
DA:60,0
DA:61,0
DA:63,0
DA:64,0
DA:67,0
DA:68,0
DA:72,0
DA:73,0
DA:74,0
DA:76,0
DA:77,0
DA:81,0
DA:82,0
DA:86,0
DA:87,0
DA:94,0
DA:96,0
DA:108,0
DA:127,0
DA:128,0
DA:129,0
DA:131,0
DA:133,0
DA:134,0
DA:135,0
DA:152,0
DA:153,0
DA:154,0
DA:155,0
DA:156,0
DA:160,0
DA:164,0
DA:165,0
DA:166,0
DA:167,0
DA:172,0
DA:173,0
DA:174,0
DA:178,0
DA:179,0
DA:180,0
DA:184,0
DA:185,0
DA:187,0
DA:197,0
DA:198,0
DA:199,0
DA:200,0
DA:203,0
DA:204,0
DA:205,0
LF:76
LH:3
end_of_record
SF:lib/views/widget_tree.dart
DA:20,0
DA:23,1
DA:25,0
DA:26,0
DA:35,0
DA:37,0
DA:38,0
DA:43,0
DA:44,0
DA:45,0
DA:46,0
DA:50,0
DA:51,0
DA:52,0
DA:53,0
DA:54,0
DA:56,0
DA:57,0
DA:60,0
DA:64,0
DA:67,0
DA:81,0
DA:83,0
DA:85,0
DA:93,0
DA:95,0
DA:96,0
DA:99,0
DA:100,0
DA:102,0
DA:106,0
DA:111,0
DA:112,0
DA:114,0
DA:115,0
DA:116,0
DA:117,0
DA:119,0
DA:120,0
DA:121,0
DA:122,0
DA:127,0
DA:132,0
DA:133,0
DA:134,0
DA:135,0
DA:139,0
DA:140,0
DA:141,0
DA:146,0
DA:148,0
DA:150,0
DA:151,0
DA:155,0
DA:156,0
DA:157,0
DA:160,0
DA:162,0
DA:163,0
DA:164,0
DA:165,0
DA:170,0
DA:172,0
DA:173,0
DA:176,0
DA:177,0
DA:179,0
DA:183,0
DA:188,0
DA:189,0
DA:191,0
DA:192,0
DA:193,0
DA:194,0
DA:196,0
DA:197,0
DA:198,0
DA:199,0
DA:204,0
DA:209,0
DA:210,0
DA:211,0
DA:212,0
DA:216,0
DA:217,0
DA:218,0
DA:223,0
DA:224,0
DA:225,0
DA:227,0
DA:229,0
DA:230,0
DA:231,0
DA:232,0
LF:94
LH:1
end_of_record
SF:lib/views/widgets/google_sign_in_button.dart
DA:9,0
DA:15,0
DA:17,0
DA:18,0
DA:22,0
DA:23,0
DA:24,0
DA:27,0
DA:29,0
DA:38,0
DA:40,0
DA:41,0
DA:56,0
DA:58,0
DA:59,0
DA:62,0
DA:64,0
DA:67,0
LF:18
LH:0
end_of_record
SF:lib/views/pages/profile_page.dart
DA:11,1
DA:13,0
DA:14,0
DA:27,0
DA:29,0
DA:30,0
DA:40,0
DA:42,0
DA:45,0
DA:46,0
DA:47,0
DA:48,0
DA:49,0
DA:50,0
DA:51,0
DA:52,0
DA:55,0
DA:58,0
DA:59,0
DA:60,0
DA:64,0
DA:65,0
DA:66,0
DA:72,0
DA:74,0
DA:75,0
DA:76,0
DA:78,0
DA:80,0
DA:81,0
DA:82,0
DA:83,0
DA:84,0
DA:87,0
DA:88,0
DA:89,0
DA:95,0
DA:97,0
DA:99,0
DA:101,0
DA:103,0
DA:104,0
DA:105,0
DA:110,0
DA:111,0
DA:112,0
DA:118,0
DA:119,0
DA:120,0
DA:122,0
DA:123,0
DA:124,0
DA:129,0
DA:131,0
DA:135,0
DA:136,0
DA:137,0
DA:138,0
DA:140,0
DA:141,0
DA:142,0
DA:143,0
DA:152,0
DA:153,0
DA:154,0
DA:156,0
DA:158,0
DA:160,0
DA:161,0
DA:162,0
DA:163,0
DA:164,0
DA:166,0
DA:167,0
DA:170,0
DA:173,0
DA:175,0
DA:176,0
DA:190,0
DA:191,0
DA:197,0
DA:198,0
DA:202,0
DA:210,0
DA:211,0
DA:212,0
DA:214,0
DA:216,0
DA:227,0
DA:232,0
DA:237,0
DA:242,0
DA:253,0
DA:254,0
DA:256,0
DA:257,0
DA:258,0
DA:260,0
DA:261,0
DA:263,0
DA:264,0
DA:268,0
LF:102
LH:1
end_of_record
SF:lib/views/widgets/avatar_picker_dialog.dart
DA:10,1
DA:16,1
DA:17,1
DA:32,1
DA:34,1
DA:35,1
DA:43,0
DA:44,0
DA:45,0
DA:48,0
DA:49,0
DA:52,0
DA:54,0
DA:55,0
DA:56,0
DA:59,0
DA:61,0
DA:65,0
DA:66,0
DA:67,0
DA:68,0
DA:71,0
DA:72,0
DA:75,0
DA:76,0
DA:82,1
DA:84,1
DA:85,1
DA:86,1
DA:88,1
DA:90,1
DA:91,1
DA:93,3
DA:96,1
DA:97,0
DA:100,1
DA:104,1
DA:105,2
DA:106,2
DA:107,1
DA:108,3
DA:109,2
DA:111,1
DA:113,1
DA:118,1
DA:119,2
DA:120,1
DA:122,1
DA:124,1
DA:126,1
DA:129,1
DA:135,1
DA:136,1
DA:137,3
LF:54
LH:34
end_of_record
SF:lib/views/pages/register_page.dart
DA:8,1
DA:10,1
DA:11,1
DA:24,0
DA:26,0
DA:27,0
DA:28,0
DA:29,0
DA:32,0
DA:34,0
DA:35,0
DA:36,0
DA:37,0
DA:38,0
DA:39,0
DA:41,0
DA:42,0
DA:43,0
DA:44,0
DA:45,0
DA:48,0
DA:51,0
DA:52,0
DA:54,0
DA:55,0
DA:61,0
DA:62,0
DA:63,0
DA:65,0
DA:66,0
DA:71,0
DA:72,0
DA:74,0
DA:76,0
DA:77,0
DA:82,0
DA:83,0
DA:85,0
DA:87,0
DA:88,0
DA:93,0
DA:94,0
DA:102,0
DA:104,0
DA:116,0
DA:134,0
DA:135,0
DA:136,0
DA:138,0
DA:140,0
DA:141,0
DA:142,0
DA:159,0
DA:160,0
DA:161,0
DA:162,0
DA:163,0
DA:167,0
DA:171,0
DA:172,0
DA:173,0
DA:174,0
DA:175,0
DA:176,0
DA:181,0
DA:182,0
DA:183,0
DA:188,0
DA:189,0
DA:190,0
DA:194,0
DA:195,0
DA:196,0
DA:200,0
DA:201,0
DA:203,0
DA:213,0
DA:214,0
DA:215,0
DA:216,0
DA:219,0
DA:220,0
DA:221,0
LF:83
LH:3
end_of_record
SF:lib/views/pages/segment_page.dart
DA:31,0
DA:42,0
DA:43,0
DA:99,0
DA:100,0
DA:101,0
DA:102,0
DA:104,0
DA:108,0
DA:110,0
DA:111,0
DA:112,0
DA:114,0
DA:115,0
DA:117,0
DA:118,0
DA:119,0
DA:124,0
DA:125,0
DA:127,0
DA:128,0
DA:129,0
DA:131,0
DA:134,0
DA:135,0
DA:136,0
DA:141,0
DA:142,0
DA:143,0
DA:144,0
DA:145,0
DA:146,0
DA:151,0
DA:154,0
DA:155,0
DA:157,0
DA:159,0
DA:161,0
DA:163,0
DA:165,0
DA:169,0
DA:171,0
DA:175,0
DA:176,0
DA:177,0
DA:178,0
DA:183,0
DA:184,0
DA:185,0
DA:186,0
DA:187,0
DA:189,0
DA:190,0
DA:191,0
DA:195,0
DA:196,0
DA:198,0
DA:199,0
DA:200,0
DA:201,0
DA:202,0
DA:203,0
DA:204,0
DA:207,0
DA:208,0
DA:209,0
DA:216,0
DA:224,0
DA:227,0
DA:235,0
DA:243,0
DA:250,0
DA:269,0
DA:270,0
DA:273,0
DA:276,0
DA:283,0
DA:284,0
DA:285,0
DA:287,0
DA:288,0
DA:289,0
DA:292,0
DA:294,0
DA:298,0
DA:300,0
DA:303,0
DA:304,0
DA:305,0
DA:306,0
DA:308,0
DA:312,0
DA:313,0
DA:314,0
DA:315,0
DA:317,0
DA:318,0
DA:319,0
DA:325,0
DA:327,0
DA:328,0
DA:331,0
DA:339,0
DA:342,0
DA:343,0
DA:344,0
DA:345,0
DA:346,0
DA:350,0
DA:355,0
DA:360,0
DA:361,0
DA:362,0
DA:363,0
DA:364,0
DA:365,0
DA:366,0
DA:367,0
DA:369,0
DA:372,0
DA:375,0
DA:381,0
DA:382,0
DA:383,0
DA:384,0
DA:385,0
DA:388,0
DA:392,0
DA:394,0
DA:395,0
DA:396,0
DA:401,0
DA:402,0
DA:403,0
DA:404,0
DA:406,0
DA:410,0
DA:411,0
DA:412,0
DA:413,0
DA:415,0
DA:416,0
DA:417,0
DA:423,0
DA:425,0
DA:426,0
DA:429,0
DA:435,0
DA:436,0
DA:439,0
DA:441,0
DA:442,0
DA:443,0
DA:444,0
DA:445,0
DA:447,0
DA:448,0
DA:449,0
DA:450,0
DA:451,0
DA:453,0
DA:454,0
DA:455,0
DA:458,0
DA:459,0
DA:460,0
DA:461,0
DA:462,0
DA:465,0
DA:469,0
DA:470,0
DA:474,0
DA:477,0
DA:479,0
DA:486,0
DA:488,0
DA:489,0
DA:491,0
DA:492,0
DA:494,0
DA:498,0
DA:501,0
DA:502,0
DA:507,0
DA:508,0
DA:510,0
DA:511,0
DA:515,0
DA:516,0
DA:519,0
DA:522,0
DA:523,0
DA:527,0
DA:528,0
DA:529,0
DA:531,0
DA:532,0
DA:535,0
DA:541,0
DA:542,0
DA:547,0
DA:548,0
DA:549,0
DA:550,0
DA:556,0
DA:558,0
DA:562,0
DA:567,0
DA:568,0
DA:569,0
DA:570,0
DA:581,0
DA:583,0
DA:585,0
DA:586,0
DA:588,0
DA:589,0
DA:591,0
DA:592,0
DA:595,0
DA:599,0
DA:604,0
DA:606,0
DA:607,0
DA:608,0
DA:610,0
DA:611,0
DA:612,0
DA:625,0
DA:626,0
DA:627,0
DA:629,0
DA:630,0
DA:632,0
DA:639,0
DA:646,0
DA:647,0
DA:648,0
DA:650,0
DA:653,0
DA:669,0
DA:670,0
DA:672,0
DA:674,0
DA:679,0
DA:682,0
DA:690,0
DA:691,0
DA:692,0
DA:703,0
DA:704,0
DA:705,0
DA:706,0
DA:708,0
DA:712,0
DA:714,0
DA:716,0
DA:719,0
DA:723,0
DA:727,0
DA:731,0
DA:733,0
DA:738,0
DA:740,0
DA:741,0
DA:743,0
DA:744,0
DA:745,0
DA:746,0
DA:747,0
DA:752,0
DA:753,0
DA:754,0
DA:755,0
DA:758,0
DA:765,0
DA:766,0
DA:769,0
DA:771,0
DA:772,0
DA:774,0
DA:776,0
DA:778,0
DA:781,0
DA:783,0
DA:788,0
DA:789,0
DA:791,0
DA:799,0
DA:801,0
DA:806,0
DA:807,0
DA:809,0
DA:817,0
DA:819,0
DA:821,0
DA:839,0
DA:841,0
DA:842,0
DA:843,0
DA:845,0
DA:846,0
DA:847,0
DA:848,0
DA:849,0
DA:851,0
DA:852,0
DA:855,0
DA:857,0
DA:859,0
DA:860,0
DA:864,0
DA:865,0
DA:867,0
DA:871,0
DA:875,0
DA:876,0
DA:908,0
DA:909,0
DA:910,0
DA:912,0
DA:915,0
DA:924,0
DA:925,0
DA:926,0
DA:933,0
DA:934,0
DA:949,0
DA:951,0
DA:953,0
DA:955,0
DA:958,0
DA:962,0
DA:963,0
DA:964,0
DA:966,0
DA:967,0
DA:969,0
DA:972,0
DA:981,0
DA:982,0
DA:993,0
DA:997,0
DA:1005,0
DA:1008,0
DA:1009,0
DA:1010,0
DA:1011,0
DA:1016,0
DA:1023,0
DA:1026,0
DA:1029,0
DA:1032,0
DA:1035,0
DA:1036,0
DA:1043,0
DA:1044,0
DA:1051,0
DA:1052,0
DA:1054,0
DA:1055,0
DA:1057,0
DA:1058,0
DA:1059,0
DA:1061,0
DA:1064,0
DA:1065,0
DA:1070,0
DA:1071,0
DA:1072,0
DA:1077,0
DA:1085,0
DA:1090,0
DA:1095,0
DA:1097,0
DA:1099,0
DA:1102,0
DA:1106,0
DA:1109,0
DA:1110,0
DA:1111,0
DA:1117,0
DA:1123,0
DA:1124,0
DA:1126,0
DA:1130,0
DA:1140,0
DA:1145,0
DA:1150,0
DA:1152,0
DA:1154,0
DA:1157,0
DA:1161,0
DA:1164,0
DA:1165,0
DA:1166,0
DA:1172,0
DA:1178,0
DA:1179,0
DA:1181,0
DA:1185,0
DA:1204,0
DA:1206,0
DA:1207,0
DA:1209,0
DA:1211,0
DA:1212,0
DA:1213,0
DA:1216,0
DA:1226,0
DA:1227,0
DA:1228,0
DA:1229,0
DA:1232,0
DA:1234,0
DA:1235,0
DA:1236,0
DA:1237,0
DA:1240,0
DA:1242,0
DA:1244,0
DA:1245,0
DA:1247,0
DA:1248,0
DA:1275,0
DA:1279,0
DA:1280,0
DA:1282,0
DA:1283,0
DA:1284,0
DA:1287,0
DA:1288,0
DA:1289,0
DA:1292,0
DA:1296,0
DA:1297,0
DA:1298,0
DA:1299,0
DA:1303,0
DA:1318,0
DA:1322,0
DA:1323,0
DA:1324,0
DA:1325,0
DA:1326,0
DA:1328,0
DA:1330,0
DA:1332,0
DA:1333,0
DA:1345,0
DA:1347,0
DA:1348,0
DA:1349,0
DA:1352,0
DA:1353,0
DA:1355,0
DA:1356,0
DA:1358,0
DA:1361,0
DA:1363,0
DA:1364,0
DA:1366,0
DA:1367,0
DA:1369,0
DA:1370,0
DA:1373,0
DA:1389,0
DA:1392,0
DA:1393,0
DA:1394,0
DA:1405,0
DA:1407,0
DA:1408,0
DA:1409,0
DA:1412,0
DA:1418,0
DA:1420,0
DA:1421,0
DA:1422,0
DA:1423,0
DA:1428,0
DA:1433,0
DA:1436,0
DA:1440,0
DA:1442,0
DA:1472,0
DA:1481,0
DA:1484,0
DA:1488,0
DA:1490,0
DA:1504,0
DA:1507,0
DA:1508,0
DA:1512,0
DA:1513,0
DA:1514,0
DA:1522,0
DA:1523,0
DA:1525,0
DA:1530,0
DA:1532,0
DA:1536,0
DA:1537,0
DA:1539,0
DA:1540,0
DA:1541,0
DA:1542,0
DA:1544,0
DA:1549,0
DA:1551,0
DA:1553,0
DA:1557,0
DA:1559,0
DA:1574,0
DA:1577,0
DA:1578,0
DA:1580,0
DA:1582,0
DA:1583,0
DA:1584,0
DA:1586,0
DA:1587,0
DA:1589,0
DA:1590,0
DA:1591,0
DA:1592,0
DA:1602,0
DA:1603,0
DA:1604,0
DA:1605,0
DA:1610,0
DA:1611,0
DA:1614,0
DA:1616,0
DA:1617,0
DA:1618,0
DA:1619,0
DA:1620,0
DA:1621,0
DA:1632,0
DA:1634,0
DA:1635,0
DA:1636,0
DA:1637,0
DA:1641,0
DA:1687,0
DA:1688,0
DA:1689,0
DA:1698,0
DA:1700,0
DA:1701,0
DA:1704,0
DA:1705,0
DA:1706,0
DA:1707,0
DA:1708,0
DA:1709,0
DA:1710,0
DA:1712,0
DA:1715,0
DA:1717,0
DA:1718,0
DA:1719,0
DA:1739,0
DA:1740,0
DA:1745,0
DA:1746,0
DA:1748,0
DA:1752,0
DA:1760,0
DA:1761,0
DA:1762,0
DA:1763,0
DA:1764,0
DA:1765,0
DA:1766,0
DA:1767,0
DA:1783,0
DA:1785,0
DA:1786,0
DA:1787,0
DA:1798,0
DA:1804,0
DA:1810,0
DA:1811,0
DA:1819,0
DA:1825,0
DA:1826,0
DA:1827,0
DA:1828,0
DA:1830,0
DA:1844,0
DA:1849,0
DA:1854,0
DA:1857,0
DA:1858,0
DA:1859,0
DA:1864,0
DA:1869,0
DA:1872,0
DA:1873,0
DA:1875,0
DA:1887,0
DA:1888,0
DA:1896,0
DA:1909,0
DA:1917,0
DA:1918,0
DA:1926,0
DA:1927,0
DA:1928,0
DA:1932,0
DA:1933,0
DA:1935,0
DA:1938,0
DA:1939,0
DA:1943,0
DA:1944,0
DA:1950,0
DA:1951,0
DA:1964,0
DA:1965,0
DA:1966,0
DA:1968,0
DA:1980,0
DA:1984,0
DA:1985,0
DA:1986,0
DA:1991,0
DA:1994,0
DA:1995,0
DA:2002,0
DA:2006,0
DA:2007,0
DA:2008,0
DA:2014,0
DA:2016,0
DA:2020,0
DA:2023,0
DA:2026,0
DA:2034,0
DA:2039,0
DA:2041,0
DA:2044,0
DA:2047,0
DA:2048,0
DA:2049,0
DA:2051,0
DA:2053,0
DA:2054,0
DA:2055,0
DA:2057,0
DA:2058,0
DA:2060,0
DA:2061,0
DA:2063,0
DA:2067,0
DA:2068,0
DA:2071,0
DA:2073,0
DA:2074,0
DA:2076,0
DA:2078,0
DA:2081,0
DA:2082,0
DA:2084,0
DA:2085,0
DA:2088,0
DA:2091,0
DA:2092,0
DA:2106,0
DA:2110,0
DA:2113,0
DA:2118,0
DA:2123,0
DA:2124,0
DA:2125,0
DA:2130,0
DA:2133,0
DA:2139,0
DA:2140,0
DA:2145,0
DA:2150,0
DA:2156,0
DA:2157,0
DA:2158,0
DA:2159,0
DA:2161,0
DA:2162,0
DA:2171,0
DA:2172,0
DA:2173,0
DA:2174,0
DA:2177,0
DA:2180,0
DA:2181,0
DA:2187,0
DA:2188,0
DA:2200,0
DA:2204,0
DA:2209,0
DA:2211,0
LF:702
LH:0
end_of_record
SF:lib/views/widgets/segment_hero_widget.dart
DA:6,0
DA:17,0
DA:19,0
DA:20,0
DA:21,0
DA:22,0
DA:23,0
DA:24,0
DA:25,0
DA:26,0
DA:27,0
DA:29,0
DA:32,0
DA:35,0
DA:36,0
DA:37,0
DA:38,0
DA:47,0
DA:54,0
DA:55,0
DA:56,0
DA:57,0
DA:58,0
DA:60,0
DA:63,0
DA:66,0
DA:67,0
DA:68,0
DA:69,0
LF:29
LH:0
end_of_record
SF:lib/views/pages/settings_page.dart
DA:8,1
DA:11,3
DA:12,3
DA:16,1
DA:17,2
DA:18,1
DA:19,1
DA:22,0
DA:23,0
DA:24,0
DA:27,0
DA:28,0
DA:29,0
DA:32,3
DA:34,3
DA:35,3
DA:41,3
DA:42,3
DA:45,3
DA:46,3
DA:47,3
DA:48,3
DA:49,3
DA:53,3
DA:55,1
DA:56,1
DA:62,3
DA:63,3
DA:64,3
DA:65,3
DA:66,3
DA:67,3
DA:70,6
DA:71,3
DA:75,3
DA:76,3
DA:77,9
DA:79,3
DA:80,0
DA:82,0
DA:83,0
DA:89,3
DA:90,3
DA:91,3
DA:92,3
DA:93,3
DA:94,3
DA:97,6
DA:98,3
DA:104,0
DA:106,0
DA:107,0
LF:52
LH:40
end_of_record
SF:lib/views/pages/take_picture_page.dart
DA:12,0
DA:14,0
DA:15,0
DA:27,0
DA:29,0
DA:30,0
DA:31,0
DA:34,0
DA:36,0
DA:37,0
DA:38,0
DA:41,0
DA:43,0
DA:46,0
DA:50,0
DA:51,0
DA:52,0
DA:53,0
DA:57,0
DA:58,0
DA:59,0
DA:60,0
DA:64,0
DA:66,0
DA:69,0
DA:70,0
DA:77,0
DA:80,0
DA:81,0
DA:82,0
DA:83,0
DA:84,0
DA:86,0
DA:90,0
DA:91,0
DA:92,0
DA:93,0
DA:94,0
DA:97,0
DA:104,0
DA:106,0
DA:109,0
DA:110,0
DA:111,0
DA:115,0
DA:116,0
DA:119,0
DA:124,0
DA:126,0
DA:128,0
DA:130,0
DA:133,0
DA:135,0
DA:137,0
DA:142,0
DA:143,0
DA:145,0
DA:146,0
DA:152,0
DA:153,0
DA:154,0
DA:157,0
DA:158,0
DA:159,0
DA:160,0
DA:161,0
DA:162,0
DA:164,0
DA:182,0
DA:183,0
DA:184,0
DA:186,0
DA:189,0
DA:191,0
DA:192,0
DA:198,0
DA:199,0
DA:200,0
DA:201,0
DA:203,0
DA:212,0
DA:213,0
DA:214,0
DA:215,0
DA:220,0
DA:225,0
DA:227,0
DA:231,0
DA:233,0
DA:238,0
DA:241,0
DA:245,0
DA:246,0
DA:247,0
DA:248,0
LF:95
LH:0
end_of_record
SF:lib/views/pages/welcome_page.dart
DA:11,1
DA:13,0
DA:14,0
DA:23,0
DA:25,0
DA:26,0
DA:27,0
DA:28,0
DA:29,0
DA:31,0
DA:32,0
DA:33,0
DA:34,0
DA:35,0
DA:38,0
DA:39,0
DA:47,0
DA:48,0
DA:50,0
DA:51,0
DA:57,0
DA:58,0
DA:65,0
DA:66,0
DA:68,0
DA:69,0
DA:78,0
DA:79,0
DA:86,0
DA:87,0
DA:89,0
DA:90,0
DA:99,0
DA:118,0
DA:119,0
DA:120,0
DA:122,0
DA:124,0
DA:125,0
DA:126,0
DA:132,0
DA:133,0
DA:142,0
DA:143,0
DA:146,0
DA:148,0
DA:149,0
DA:155,0
DA:169,0
DA:170,0
DA:171,0
DA:172,0
DA:176,0
DA:177,0
DA:179,0
DA:180,0
DA:181,0
DA:186,0
DA:187,0
DA:188,0
DA:189,0
DA:190,0
DA:194,0
LF:63
LH:1
end_of_record
SF:lib/views/widgets/navbar_widget.dart
DA:5,1
DA:7,2
DA:9,2
DA:10,2
DA:11,2
DA:12,2
DA:21,2
DA:22,4
LF:8
LH:8
end_of_record
SF:lib/views/widgets/drawer_widget.dart
DA:8,1
DA:10,2
DA:12,2
DA:13,2
DA:14,2
DA:15,2
DA:17,2
DA:18,0
DA:19,2
DA:25,2
DA:32,2
DA:36,4
DA:38,2
DA:39,2
DA:46,2
DA:49,0
DA:54,2
DA:57,0
DA:58,0
DA:59,0
DA:61,0
DA:62,0
LF:22
LH:15
end_of_record
SF:lib/views/widgets/segment_widget.dart
DA:9,1
DA:15,1
DA:17,1
DA:18,1
DA:20,1
DA:22,1
DA:23,1
DA:24,1
DA:28,1
DA:29,0
DA:30,0
DA:32,0
DA:37,1
DA:38,1
DA:39,1
DA:40,1
LF:16
LH:13
end_of_record
SF:lib/views/widgets/plant_progress_card.dart
DA:12,1
DA:17,1
DA:18,1
DA:28,0
DA:30,0
DA:31,0
DA:32,0
DA:33,0
DA:34,0
DA:36,0
DA:38,0
DA:39,0
DA:43,0
DA:44,0
DA:45,0
DA:47,0
DA:49,0
DA:50,0
DA:55,0
DA:57,0
DA:59,0
DA:60,0
DA:61,0
DA:62,0
DA:65,0
DA:66,0
DA:69,0
DA:71,0
DA:72,0
DA:78,0
DA:80,0
DA:81,0
DA:82,0
DA:84,0
DA:85,0
DA:86,0
DA:95,0
DA:96,0
DA:98,0
DA:100,0
DA:101,0
DA:104,0
DA:105,0
DA:106,0
DA:111,0
DA:112,0
DA:113,0
DA:114,0
DA:119,0
DA:120,0
DA:121,0
DA:122,0
DA:124,0
DA:125,0
DA:126,0
DA:128,0
DA:129,0
DA:130,0
DA:134,0
DA:135,0
DA:136,0
DA:139,0
DA:140,0
DA:141,0
DA:142,0
DA:149,0
DA:150,0
DA:151,0
DA:152,0
DA:158,0
DA:168,0
DA:169,0
DA:170,0
DA:171,0
DA:172,0
DA:174,0
DA:179,0
DA:180,0
DA:181,0
DA:182,0
DA:191,0
DA:192,0
DA:193,0
DA:195,0
DA:196,0
DA:197,0
DA:201,0
DA:202,0
DA:205,0
DA:207,0
DA:208,0
DA:211,0
DA:214,0
DA:215,0
DA:216,0
DA:222,0
DA:223,0
DA:224,0
DA:226,0
DA:227,0
DA:228,0
DA:230,0
DA:239,0
DA:240,0
DA:241,0
DA:242,0
DA:243,0
DA:250,0
DA:252,0
DA:253,0
DA:254,0
DA:255,0
DA:256,0
DA:257,0
DA:260,0
LF:115
LH:3
end_of_record
SF:lib/views/widgets/analysis_progress_widget.dart
DA:7,2
DA:11,2
DA:13,4
DA:15,2
DA:17,2
DA:18,2
DA:19,6
DA:23,4
DA:25,2
DA:26,2
DA:29,2
DA:32,2
DA:33,2
DA:36,2
DA:37,6
DA:38,6
DA:44,12
DA:45,6
DA:47,2
DA:48,8
DA:49,2
DA:51,8
LF:22
LH:22
end_of_record
SF:lib/main.dart
DA:14,0
DA:15,0
DA:17,0
DA:20,0
DA:23,0
DA:25,0
DA:29,1
DA:31,1
DA:32,1
DA:39,1
DA:41,1
DA:42,2
DA:45,1
DA:46,1
DA:47,1
DA:48,2
DA:51,1
DA:53,1
DA:54,1
DA:55,1
DA:57,2
DA:59,0
DA:60,0
DA:61,0
DA:62,0
DA:64,0
DA:65,0
LF:27
LH:15
end_of_record
SF:lib/firebase_options.dart
DA:9,0
DA:13,0
DA:14,0
DA:16,0
DA:18,0
DA:19,0
DA:23,0
DA:24,0
DA:28,0
DA:29,0
DA:34,0
LF:11
LH:0
end_of_record
