SF:lib\models\analysis_progress.dart
DA:14,1
DA:35,1
DA:36,2
DA:38,5
DA:44,1
DA:45,1
DA:46,1
DA:48,1
DA:50,1
DA:52,1
DA:54,1
LF:11
LH:11
end_of_record
SF:lib\models\detection_result.dart
DA:6,1
DA:13,2
DA:14,1
DA:15,1
DA:16,1
DA:17,1
DA:20,1
DA:21,1
DA:22,2
DA:23,2
DA:24,2
DA:25,2
DA:37,3
DA:45,1
DA:49,1
DA:51,1
DA:52,2
DA:54,1
DA:55,1
DA:56,1
DA:59,2
DA:64,1
DA:65,1
DA:66,1
DA:67,1
DA:68,2
DA:70,3
LF:27
LH:27
end_of_record
SF:lib\models\image_model.dart
DA:12,1
DA:22,1
DA:23,1
DA:24,1
DA:25,1
DA:26,1
DA:27,1
DA:28,1
DA:29,2
DA:30,1
DA:34,1
DA:35,1
DA:36,1
DA:37,1
DA:38,1
DA:39,1
DA:40,2
DA:41,2
DA:42,1
LF:19
LH:19
end_of_record
SF:lib\models\plant_model.dart
DA:11,1
DA:20,1
DA:21,1
DA:22,1
DA:23,1
DA:24,2
DA:25,1
DA:26,1
DA:27,1
DA:31,1
DA:32,1
DA:33,1
DA:34,1
DA:35,2
DA:36,1
DA:37,2
DA:38,1
DA:42,1
DA:50,1
DA:51,1
DA:52,1
DA:53,1
DA:54,1
DA:55,1
DA:56,1
LF:25
LH:25
end_of_record
SF:lib\utils\storage_utils.dart
DA:7,1
DA:8,1
DA:9,1
DA:10,1
DA:11,2
DA:12,2
DA:13,3
DA:14,1
DA:18,2
DA:21,2
DA:24,1
DA:25,1
DA:29,1
DA:35,1
DA:39,1
DA:46,1
DA:50,1
DA:51,1
DA:55,1
DA:56,1
DA:60,1
DA:61,3
DA:65,1
DA:67,2
DA:71,1
DA:72,1
DA:73,1
DA:74,1
DA:76,1
DA:84,3
DA:87,1
DA:88,2
LF:32
LH:32
end_of_record
SF:lib\utils\ui_utils.dart
DA:6,1
DA:7,1
DA:10,1
DA:11,1
DA:13,1
DA:15,1
DA:17,1
DA:20,1
DA:30,1
DA:31,2
DA:34,1
DA:38,1
DA:43,1
DA:47,1
DA:50,1
DA:51,3
DA:52,2
DA:53,2
DA:57,1
DA:59,1
DA:61,1
DA:63,1
DA:65,1
DA:68,1
DA:85,2
DA:88,1
DA:89,1
DA:92,1
DA:95,1
DA:99,1
DA:107,1
DA:109,1
DA:110,1
DA:111,1
DA:112,1
DA:113,1
DA:114,1
DA:115,1
DA:116,3
DA:118,1
DA:119,2
DA:120,3
DA:130,1
DA:136,2
DA:137,1
DA:138,1
DA:147,1
DA:148,1
DA:152,1
DA:153,1
LF:50
LH:50
end_of_record
SF:lib\main.dart
DA:14,0
DA:15,0
DA:17,0
DA:20,0
DA:23,0
DA:25,0
DA:29,2
DA:31,1
DA:32,1
DA:39,1
DA:41,1
DA:42,2
DA:45,1
DA:46,1
DA:47,0
DA:48,0
DA:51,1
DA:53,1
DA:54,1
DA:55,1
DA:57,2
DA:59,0
DA:60,0
DA:61,0
DA:62,0
DA:64,0
DA:65,0
LF:27
LH:13
end_of_record
SF:lib\chat\chat_guard.dart
DA:26,0
DA:28,0
DA:33,0
DA:39,0
DA:41,0
DA:43,0
DA:53,0
DA:54,0
DA:55,0
DA:56,0
DA:57,0
DA:58,0
DA:59,0
DA:60,0
DA:61,0
DA:62,0
DA:63,0
DA:64,0
DA:65,0
DA:66,0
DA:67,0
DA:68,0
DA:69,0
DA:70,0
DA:71,0
DA:72,0
DA:73,0
DA:74,0
DA:75,0
DA:76,0
DA:77,0
DA:78,0
DA:79,0
DA:80,0
DA:81,0
DA:82,0
DA:83,0
DA:84,0
DA:85,0
DA:86,0
DA:87,0
DA:88,0
DA:89,0
DA:90,0
DA:91,0
DA:92,0
DA:93,0
DA:94,0
DA:95,0
DA:96,0
DA:97,0
DA:98,0
DA:99,0
DA:100,0
DA:101,0
DA:102,0
DA:103,0
DA:104,0
DA:105,0
DA:106,0
DA:107,0
DA:108,0
DA:109,0
DA:110,0
DA:111,0
DA:112,0
DA:113,0
DA:114,0
DA:115,0
DA:116,0
DA:120,0
DA:121,0
DA:122,0
DA:123,0
DA:124,0
DA:125,0
DA:126,0
DA:127,0
DA:128,0
DA:129,0
DA:130,0
DA:131,0
DA:132,0
DA:133,0
DA:134,0
DA:135,0
DA:136,0
DA:137,0
DA:138,0
DA:139,0
DA:140,0
DA:141,0
DA:142,0
DA:143,0
DA:144,0
DA:145,0
DA:146,0
DA:147,0
DA:148,0
DA:149,0
DA:150,0
DA:151,0
DA:152,0
DA:153,0
DA:154,0
DA:155,0
DA:156,0
DA:157,0
DA:158,0
DA:159,0
DA:160,0
DA:161,0
DA:162,0
DA:163,0
DA:164,0
DA:165,0
DA:166,0
DA:167,0
DA:168,0
DA:169,0
DA:170,0
DA:171,0
DA:172,0
DA:173,0
DA:174,0
DA:175,0
DA:176,0
DA:177,0
DA:178,0
DA:179,0
DA:180,0
DA:181,0
DA:182,0
DA:183,0
DA:184,0
DA:185,0
DA:186,0
DA:187,0
DA:188,0
DA:189,0
DA:190,0
DA:191,0
DA:192,0
DA:193,0
DA:194,0
DA:195,0
DA:196,0
DA:197,0
DA:198,0
DA:199,0
DA:200,0
DA:201,0
DA:202,0
DA:203,0
DA:204,0
DA:205,0
DA:206,0
DA:207,0
DA:208,0
DA:209,0
DA:213,0
DA:214,0
DA:215,0
DA:216,0
DA:217,0
DA:218,0
DA:219,0
DA:220,0
DA:221,0
DA:222,0
DA:223,0
DA:224,0
DA:225,0
DA:226,0
DA:227,0
DA:228,0
DA:229,0
DA:230,0
DA:231,0
DA:232,0
DA:233,0
DA:234,0
DA:235,0
DA:236,0
DA:237,0
DA:238,0
DA:239,0
DA:240,0
DA:241,0
DA:242,0
DA:243,0
DA:244,0
DA:245,0
DA:246,0
DA:247,0
DA:248,0
DA:249,0
DA:250,0
DA:251,0
DA:252,0
DA:253,0
DA:254,0
DA:255,0
DA:256,0
DA:257,0
DA:258,0
DA:259,0
DA:260,0
DA:261,0
DA:262,0
DA:263,0
DA:264,0
DA:265,0
DA:266,0
DA:267,0
DA:268,0
DA:269,0
DA:270,0
DA:271,0
DA:272,0
DA:273,0
DA:274,0
DA:275,0
DA:276,0
DA:277,0
DA:278,0
DA:279,0
DA:280,0
DA:281,0
DA:285,0
DA:286,0
DA:287,0
DA:288,0
DA:289,0
DA:290,0
DA:291,0
DA:292,0
DA:293,0
DA:294,0
DA:295,0
DA:296,0
DA:297,0
DA:298,0
DA:299,0
DA:300,0
DA:301,0
DA:302,0
DA:303,0
DA:304,0
DA:305,0
DA:306,0
DA:307,0
DA:308,0
DA:309,0
DA:310,0
DA:311,0
DA:312,0
DA:313,0
DA:314,0
DA:315,0
DA:316,0
DA:317,0
DA:318,0
DA:319,0
DA:320,0
DA:321,0
DA:322,0
DA:323,0
DA:324,0
DA:325,0
DA:326,0
DA:327,0
DA:328,0
DA:329,0
DA:330,0
DA:331,0
DA:332,0
DA:333,0
DA:334,0
DA:335,0
DA:336,0
DA:337,0
DA:338,0
DA:339,0
DA:340,0
DA:341,0
DA:342,0
DA:343,0
DA:344,0
DA:345,0
DA:346,0
DA:347,0
DA:348,0
DA:349,0
DA:350,0
DA:351,0
DA:352,0
DA:353,0
DA:354,0
DA:355,0
DA:356,0
DA:357,0
DA:358,0
DA:359,0
DA:360,0
DA:361,0
DA:362,0
DA:363,0
DA:364,0
DA:365,0
DA:366,0
DA:367,0
DA:368,0
DA:369,0
DA:370,0
DA:371,0
DA:372,0
DA:373,0
DA:374,0
DA:375,0
DA:376,0
DA:377,0
DA:378,0
DA:379,0
DA:380,0
DA:381,0
DA:382,0
DA:383,0
DA:384,0
DA:385,0
DA:386,0
DA:387,0
DA:388,0
DA:389,0
DA:390,0
DA:391,0
DA:392,0
DA:393,0
DA:394,0
DA:395,0
DA:396,0
DA:397,0
DA:398,0
DA:399,0
DA:400,0
DA:401,0
DA:402,0
DA:403,0
DA:404,0
DA:405,0
DA:406,0
DA:407,0
DA:408,0
DA:409,0
DA:410,0
DA:411,0
DA:412,0
DA:413,0
DA:414,0
DA:415,0
DA:416,0
DA:417,0
DA:418,0
DA:419,0
DA:420,0
DA:421,0
DA:422,0
DA:423,0
DA:424,0
DA:425,0
DA:426,0
DA:427,0
DA:428,0
DA:429,0
DA:433,0
DA:434,0
DA:435,0
DA:436,0
DA:437,0
DA:438,0
DA:439,0
DA:440,0
DA:441,0
DA:442,0
DA:443,0
DA:444,0
DA:445,0
DA:446,0
DA:447,0
DA:448,0
DA:449,0
DA:450,0
DA:451,0
DA:452,0
DA:453,0
DA:454,0
DA:455,0
DA:456,0
DA:457,0
DA:458,0
DA:459,0
DA:460,0
DA:461,0
DA:462,0
DA:463,0
DA:464,0
DA:465,0
DA:466,0
DA:467,0
DA:468,0
DA:469,0
DA:470,0
DA:471,0
DA:472,0
DA:473,0
DA:474,0
DA:475,0
DA:476,0
DA:477,0
DA:478,0
DA:479,0
DA:480,0
DA:481,0
DA:482,0
DA:483,0
DA:484,0
DA:485,0
DA:486,0
DA:487,0
DA:488,0
DA:489,0
DA:490,0
DA:491,0
DA:492,0
DA:493,0
DA:494,0
DA:495,0
DA:496,0
DA:497,0
DA:498,0
DA:499,0
DA:500,0
DA:501,0
DA:502,0
DA:503,0
DA:507,0
DA:508,0
DA:509,0
DA:510,0
DA:511,0
DA:512,0
DA:516,0
DA:517,0
DA:521,0
DA:525,0
DA:529,0
DA:533,0
DA:537,0
DA:546,0
DA:547,0
DA:550,0
DA:551,0
DA:559,0
DA:560,0
DA:561,0
DA:562,0
DA:563,0
DA:565,0
DA:567,0
DA:571,0
DA:572,0
DA:573,0
DA:579,0
DA:580,0
DA:582,0
DA:583,0
DA:584,0
DA:587,0
DA:588,0
DA:596,0
DA:597,0
DA:599,0
DA:605,0
DA:608,0
DA:611,0
DA:614,0
DA:615,0
DA:616,0
DA:620,0
DA:629,0
DA:630,0
DA:631,0
DA:635,0
DA:636,0
DA:639,0
DA:640,0
DA:641,0
DA:642,0
DA:643,0
DA:646,0
DA:647,0
DA:648,0
DA:649,0
DA:650,0
DA:655,0
DA:656,0
DA:657,0
DA:658,0
DA:663,0
DA:664,0
DA:666,0
DA:667,0
DA:670,0
LF:513
LH:0
end_of_record
SF:lib\data\notifiers.dart
DA:3,0
DA:4,0
LF:2
LH:0
end_of_record
SF:lib\firebase_options.dart
DA:9,0
DA:13,0
DA:14,0
DA:16,0
DA:18,0
DA:19,0
DA:23,0
DA:24,0
DA:28,0
DA:29,0
DA:34,0
LF:11
LH:0
end_of_record
SF:lib\views\pages\welcome_page.dart
DA:11,2
DA:13,0
DA:14,0
DA:23,0
DA:25,0
DA:26,0
DA:27,0
DA:28,0
DA:29,0
DA:31,0
DA:32,0
DA:33,0
DA:34,0
DA:35,0
DA:38,0
DA:39,0
DA:47,0
DA:48,0
DA:50,0
DA:51,0
DA:57,0
DA:58,0
DA:65,0
DA:66,0
DA:68,0
DA:69,0
DA:78,0
DA:79,0
DA:86,0
DA:87,0
DA:89,0
DA:90,0
DA:99,0
DA:118,0
DA:119,0
DA:120,0
DA:122,0
DA:124,0
DA:125,0
DA:126,0
DA:132,0
DA:133,0
DA:142,0
DA:143,0
DA:146,0
DA:148,0
DA:149,0
DA:155,0
DA:169,0
DA:170,0
DA:171,0
DA:172,0
DA:176,0
DA:177,0
DA:179,0
DA:180,0
DA:181,0
DA:186,0
DA:187,0
DA:188,0
DA:189,0
DA:190,0
DA:194,0
LF:63
LH:1
end_of_record
SF:lib\utils\logger.dart
DA:5,0
DA:7,0
DA:17,0
DA:19,0
DA:24,0
DA:32,0
DA:38,0
DA:54,0
DA:55,0
DA:61,0
DA:62,0
DA:63,0
LF:12
LH:0
end_of_record
SF:lib\services\tflite_interop\tflite_wrapper.dart
DA:18,0
DA:20,0
LF:2
LH:0
end_of_record
SF:lib\services\auth_service.dart
DA:12,0
DA:13,0
DA:16,0
DA:18,0
DA:20,0
DA:25,0
DA:28,0
DA:31,0
DA:37,0
DA:39,0
DA:45,0
DA:46,0
DA:51,0
DA:54,0
DA:55,0
DA:60,0
DA:65,0
DA:70,0
DA:72,0
DA:73,0
DA:78,0
DA:81,0
DA:84,0
DA:87,0
DA:89,0
DA:93,0
DA:96,0
DA:99,0
DA:100,0
DA:105,0
DA:109,0
DA:115,0
DA:118,0
DA:120,0
DA:123,0
DA:124,0
DA:125,0
DA:127,0
DA:133,0
DA:136,0
DA:137,0
DA:142,0
DA:146,0
DA:150,0
DA:151,0
DA:152,0
DA:154,0
DA:156,0
DA:157,0
DA:161,0
DA:162,0
DA:163,0
DA:164,0
DA:165,0
DA:166,0
DA:167,0
DA:168,0
DA:169,0
DA:170,0
DA:171,0
DA:172,0
DA:173,0
DA:174,0
DA:178,0
LF:64
LH:0
end_of_record
SF:lib\services\user_service.dart
DA:11,0
DA:14,0
DA:19,0
DA:20,0
DA:21,0
DA:22,0
DA:23,0
DA:24,0
DA:25,0
DA:26,0
DA:27,0
DA:28,0
DA:29,0
DA:31,0
DA:34,0
DA:38,0
DA:39,0
DA:40,0
DA:44,0
DA:45,0
DA:47,0
DA:52,0
DA:54,0
DA:55,0
DA:56,0
DA:60,0
DA:66,0
DA:69,0
DA:70,0
DA:71,0
DA:74,0
DA:78,0
DA:83,0
DA:84,0
DA:88,0
DA:91,0
DA:92,0
DA:93,0
DA:95,0
DA:97,0
DA:103,0
DA:105,0
DA:107,0
DA:111,0
DA:112,0
DA:116,0
DA:117,0
DA:118,0
DA:119,0
DA:122,0
DA:123,0
DA:124,0
DA:125,0
DA:126,0
DA:131,0
DA:133,0
DA:134,0
DA:135,0
DA:141,0
DA:142,0
DA:147,0
DA:150,0
DA:151,0
DA:156,0
DA:158,0
DA:159,0
DA:160,0
DA:161,0
DA:162,0
DA:165,0
DA:166,0
DA:169,0
DA:170,0
DA:171,0
DA:172,0
DA:180,0
DA:181,0
DA:182,0
DA:183,0
DA:185,0
DA:186,0
DA:188,0
DA:189,0
DA:190,0
DA:196,0
LF:85
LH:0
end_of_record
SF:lib\services\background_detection_service.dart
DA:12,0
DA:13,0
DA:14,0
DA:15,0
DA:30,0
DA:32,0
DA:33,0
DA:34,0
DA:40,0
DA:43,0
DA:44,0
DA:46,0
DA:50,0
DA:52,0
DA:59,0
DA:61,0
DA:68,0
DA:70,0
DA:71,0
DA:75,0
DA:76,0
DA:77,0
DA:80,0
DA:85,0
DA:87,0
DA:88,0
DA:91,0
DA:93,0
DA:99,0
DA:100,0
DA:105,0
DA:106,0
DA:107,0
DA:111,0
DA:112,0
DA:113,0
DA:114,0
DA:115,0
DA:116,0
DA:117,0
DA:122,0
DA:123,0
DA:124,0
DA:126,0
DA:128,0
DA:129,0
DA:132,0
DA:133,0
DA:134,0
DA:139,0
DA:146,0
DA:147,0
DA:151,0
DA:154,0
DA:164,0
DA:170,0
DA:172,0
DA:175,0
DA:176,0
DA:180,0
DA:184,0
DA:186,0
DA:190,0
DA:194,0
DA:197,0
DA:198,0
DA:202,0
DA:207,0
DA:212,0
DA:214,0
DA:224,0
DA:229,0
DA:230,0
DA:231,0
DA:233,0
DA:234,0
DA:237,0
DA:238,0
DA:241,0
DA:242,0
DA:247,0
DA:248,0
DA:249,0
DA:252,0
DA:256,0
DA:259,0
DA:266,0
DA:278,0
DA:280,0
DA:285,0
DA:292,0
DA:297,0
DA:298,0
DA:301,0
DA:303,0
DA:304,0
DA:305,0
DA:308,0
DA:315,0
DA:316,0
DA:318,0
DA:321,0
DA:325,0
DA:326,0
DA:330,0
DA:331,0
DA:333,0
DA:343,0
DA:345,0
DA:346,0
DA:347,0
DA:353,0
DA:354,0
DA:355,0
DA:357,0
DA:359,0
DA:360,0
DA:361,0
DA:364,0
DA:365,0
DA:366,0
DA:369,0
DA:373,0
DA:375,0
DA:376,0
DA:377,0
DA:378,0
DA:379,0
DA:380,0
DA:383,0
DA:385,0
DA:386,0
DA:391,0
DA:393,0
DA:396,0
DA:397,0
DA:399,0
DA:403,0
DA:406,0
DA:409,0
DA:410,0
DA:411,0
DA:419,0
DA:420,0
DA:422,0
DA:423,0
DA:424,0
DA:426,0
DA:436,0
DA:437,0
DA:444,0
DA:446,0
DA:447,0
DA:448,0
DA:450,0
DA:453,0
DA:456,0
DA:459,0
DA:462,0
DA:465,0
DA:467,0
DA:468,0
DA:469,0
DA:473,0
DA:478,0
DA:482,0
DA:484,0
DA:485,0
DA:488,0
DA:489,0
DA:492,0
DA:493,0
DA:494,0
DA:495,0
LF:174
LH:0
end_of_record
SF:lib\services\tflite_interop\tflite_interface.dart
DA:12,0
DA:17,0
DA:19,0
DA:23,0
DA:42,0
DA:47,0
DA:49,0
DA:53,0
LF:8
LH:0
end_of_record
SF:lib\services\database_service.dart
DA:20,0
DA:23,0
DA:26,0
DA:29,0
DA:36,0
DA:40,0
DA:41,0
DA:42,0
DA:43,0
DA:46,0
DA:52,0
DA:53,0
DA:55,0
DA:59,0
DA:60,0
DA:62,0
DA:66,0
DA:67,0
DA:68,0
DA:70,0
DA:71,0
DA:72,0
DA:75,0
DA:76,0
DA:78,0
DA:79,0
DA:81,0
DA:82,0
DA:84,0
DA:85,0
DA:92,0
DA:95,0
DA:96,0
DA:97,0
DA:101,0
DA:109,0
DA:112,0
DA:113,0
DA:116,0
DA:117,0
DA:118,0
DA:121,0
DA:122,0
DA:128,0
DA:129,0
DA:134,0
DA:136,0
DA:137,0
DA:140,0
DA:141,0
DA:143,0
DA:146,0
DA:148,0
DA:149,0
DA:150,0
DA:151,0
DA:153,0
DA:154,0
DA:155,0
DA:158,0
DA:161,0
DA:162,0
DA:163,0
DA:167,0
DA:168,0
DA:169,0
DA:170,0
DA:171,0
DA:173,0
DA:174,0
DA:175,0
DA:178,0
DA:179,0
DA:184,0
DA:190,0
DA:191,0
DA:192,0
DA:193,0
DA:194,0
DA:195,0
DA:197,0
DA:198,0
DA:199,0
DA:201,0
DA:202,0
DA:207,0
DA:213,0
DA:216,0
DA:219,0
DA:220,0
DA:225,0
DA:228,0
DA:229,0
DA:230,0
DA:233,0
DA:234,0
DA:237,0
DA:239,0
DA:240,0
DA:242,0
DA:243,0
DA:246,0
DA:247,0
DA:248,0
DA:253,0
DA:261,0
DA:263,0
DA:269,0
DA:270,0
DA:274,0
DA:278,0
DA:281,0
DA:283,0
DA:284,0
DA:289,0
DA:290,0
DA:292,0
DA:294,0
DA:295,0
DA:300,0
DA:301,0
DA:302,0
DA:303,0
DA:305,0
DA:306,0
DA:307,0
DA:308,0
DA:316,0
DA:317,0
DA:318,0
DA:319,0
DA:321,0
DA:322,0
DA:330,0
DA:331,0
DA:332,0
DA:337,0
DA:344,0
DA:346,0
DA:348,0
DA:351,0
DA:352,0
DA:357,0
DA:358,0
LF:144
LH:0
end_of_record
SF:lib\services\detection_service.dart
DA:22,0
DA:24,0
LF:2
LH:0
end_of_record
SF:lib\services\detection_service_mobile.dart
DA:17,0
DA:22,0
DA:23,0
DA:25,0
DA:26,0
DA:29,0
DA:40,0
DA:41,0
DA:43,0
DA:46,0
DA:48,0
DA:52,0
DA:54,0
DA:61,0
DA:63,0
DA:67,0
DA:68,0
DA:69,0
DA:70,0
DA:72,0
DA:73,0
DA:75,0
DA:76,0
DA:77,0
DA:79,0
DA:80,0
DA:84,0
DA:88,0
DA:89,0
DA:94,0
DA:98,0
DA:104,0
DA:105,0
DA:106,0
DA:109,0
DA:110,0
DA:112,0
DA:113,0
DA:115,0
DA:116,0
DA:118,0
DA:125,0
DA:127,0
DA:128,0
DA:129,0
DA:130,0
DA:131,0
DA:132,0
DA:137,0
DA:138,0
DA:139,0
DA:140,0
DA:143,0
DA:146,0
DA:148,0
DA:149,0
DA:150,0
DA:151,0
DA:156,0
DA:157,0
DA:158,0
DA:159,0
DA:165,0
DA:168,0
DA:170,0
DA:171,0
DA:172,0
DA:173,0
DA:179,0
DA:181,0
DA:184,0
DA:186,0
DA:187,0
DA:189,0
DA:190,0
DA:191,0
DA:194,0
DA:196,0
DA:197,0
DA:198,0
DA:199,0
DA:200,0
DA:201,0
LF:83
LH:0
end_of_record
SF:lib\services\inference_service.dart
DA:21,0
DA:25,0
DA:32,0
DA:33,0
DA:36,0
DA:39,0
DA:42,0
DA:47,0
DA:52,0
DA:56,0
DA:57,0
DA:71,0
DA:72,0
DA:74,0
DA:75,0
DA:81,0
DA:82,0
DA:85,0
DA:88,0
DA:96,0
DA:99,0
DA:104,0
DA:105,0
DA:106,0
DA:108,0
DA:109,0
DA:110,0
DA:111,0
DA:113,0
DA:118,0
DA:119,0
DA:120,0
DA:122,0
DA:125,0
DA:128,0
DA:131,0
DA:137,0
DA:143,0
DA:144,0
DA:148,0
DA:154,0
DA:155,0
DA:156,0
DA:158,0
LF:44
LH:0
end_of_record
SF:lib\services\plant_service.dart
DA:27,0
DA:28,0
DA:29,0
DA:31,0
DA:36,0
DA:37,0
DA:39,0
DA:40,0
DA:41,0
DA:42,0
DA:46,0
DA:47,0
DA:49,0
DA:52,0
DA:53,0
DA:54,0
DA:55,0
DA:60,0
DA:61,0
DA:62,0
DA:67,0
DA:68,0
DA:69,0
DA:74,0
DA:77,0
DA:79,0
DA:81,0
DA:83,0
DA:86,0
DA:87,0
DA:93,0
DA:94,0
DA:96,0
DA:99,0
DA:101,0
DA:102,0
DA:103,0
DA:109,0
DA:110,0
DA:113,0
DA:115,0
DA:116,0
DA:118,0
DA:120,0
DA:121,0
DA:122,0
DA:123,0
DA:124,0
DA:125,0
DA:127,0
DA:129,0
DA:132,0
DA:133,0
DA:135,0
DA:136,0
DA:139,0
DA:144,0
DA:147,0
DA:157,0
DA:158,0
DA:162,0
DA:163,0
DA:164,0
DA:166,0
DA:172,0
DA:175,0
DA:176,0
DA:178,0
DA:180,0
DA:181,0
DA:185,0
DA:189,0
DA:190,0
DA:192,0
DA:193,0
DA:196,0
DA:198,0
DA:199,0
DA:204,0
DA:211,0
DA:212,0
DA:215,0
DA:220,0
DA:221,0
DA:228,0
DA:237,0
DA:238,0
DA:245,0
DA:247,0
DA:248,0
DA:251,0
DA:252,0
DA:259,0
DA:260,0
DA:267,0
DA:275,0
DA:276,0
DA:279,0
DA:284,0
DA:289,0
DA:290,0
DA:293,0
DA:294,0
DA:295,0
DA:296,0
DA:300,0
DA:301,0
DA:305,0
DA:308,0
DA:312,0
DA:315,0
DA:316,0
DA:321,0
DA:322,0
DA:325,0
DA:330,0
DA:335,0
DA:336,0
DA:339,0
DA:340,0
DA:341,0
DA:343,0
DA:345,0
DA:347,0
DA:348,0
DA:353,0
DA:357,0
DA:364,0
DA:365,0
DA:370,0
DA:371,0
DA:377,0
DA:378,0
DA:380,0
DA:382,0
DA:386,0
DA:390,0
DA:396,0
DA:397,0
DA:400,0
DA:404,0
DA:405,0
DA:406,0
DA:409,0
DA:410,0
DA:411,0
DA:412,0
DA:413,0
DA:414,0
DA:415,0
DA:416,0
DA:418,0
DA:419,0
DA:421,0
DA:426,0
DA:427,0
DA:428,0
DA:429,0
DA:431,0
DA:432,0
DA:433,0
DA:434,0
DA:436,0
DA:437,0
DA:438,0
DA:443,0
DA:450,0
DA:451,0
DA:452,0
DA:455,0
DA:456,0
DA:457,0
DA:458,0
DA:459,0
DA:460,0
DA:461,0
DA:464,0
DA:470,0
DA:471,0
DA:472,0
DA:474,0
DA:475,0
DA:476,0
DA:477,0
DA:480,0
DA:482,0
DA:485,0
DA:486,0
DA:487,0
DA:489,0
DA:490,0
DA:496,0
DA:497,0
DA:499,0
DA:502,0
DA:506,0
DA:507,0
DA:514,0
DA:515,0
DA:521,0
DA:531,0
DA:532,0
DA:537,0
DA:538,0
DA:545,0
DA:546,0
DA:553,0
DA:559,0
DA:564,0
DA:570,0
DA:571,0
DA:578,0
DA:579,0
DA:581,0
DA:583,0
DA:584,0
DA:585,0
DA:587,0
DA:589,0
DA:590,0
DA:592,0
DA:593,0
DA:594,0
DA:595,0
DA:597,0
DA:598,0
DA:600,0
DA:602,0
DA:604,0
DA:606,0
DA:607,0
DA:609,0
DA:610,0
DA:613,0
DA:616,0
DA:617,0
DA:620,0
DA:626,0
DA:627,0
LF:239
LH:0
end_of_record
SF:lib\services\segmentation_service.dart
DA:17,0
DA:18,0
DA:19,0
DA:32,0
DA:36,0
DA:39,0
DA:40,0
DA:41,0
DA:42,0
DA:45,0
DA:47,0
DA:51,0
DA:53,0
DA:58,0
DA:61,0
DA:62,0
DA:66,0
DA:67,0
DA:68,0
DA:69,0
DA:72,0
DA:74,0
DA:78,0
DA:79,0
DA:81,0
DA:83,0
DA:88,0
DA:90,0
DA:91,0
DA:94,0
DA:95,0
DA:96,0
DA:97,0
DA:98,0
DA:102,0
DA:105,0
DA:109,0
DA:110,0
DA:112,0
DA:114,0
DA:116,0
DA:117,0
DA:118,0
DA:119,0
DA:124,0
DA:125,0
DA:126,0
DA:127,0
DA:128,0
DA:130,0
DA:135,0
DA:136,0
DA:140,0
DA:144,0
DA:145,0
DA:146,0
DA:148,0
DA:149,0
DA:150,0
DA:155,0
DA:156,0
DA:157,0
DA:158,0
DA:160,0
DA:165,0
DA:166,0
DA:167,0
DA:174,0
DA:175,0
DA:177,0
DA:179,0
DA:180,0
DA:181,0
DA:187,0
DA:188,0
DA:189,0
DA:190,0
DA:191,0
DA:194,0
DA:195,0
DA:198,0
DA:199,0
DA:200,0
DA:201,0
DA:205,0
DA:206,0
DA:208,0
DA:213,0
DA:214,0
DA:218,0
DA:220,0
DA:222,0
DA:223,0
DA:224,0
DA:225,0
DA:229,0
DA:231,0
DA:232,0
DA:236,0
DA:237,0
DA:242,0
DA:243,0
DA:245,0
DA:246,0
DA:247,0
DA:251,0
DA:252,0
DA:255,0
DA:259,0
DA:260,0
DA:267,0
DA:268,0
DA:269,0
DA:270,0
LF:114
LH:0
end_of_record
SF:lib\services\tflite_interop\tflite_mobile.dart
DA:6,0
DA:7,0
DA:8,0
DA:12,0
DA:14,0
DA:16,0
DA:18,0
DA:20,0
DA:22,0
DA:24,0
DA:26,0
DA:28,0
DA:32,0
DA:41,0
DA:42,0
DA:44,0
DA:49,0
DA:50,0
DA:51,0
DA:53,0
DA:57,0
DA:60,0
DA:62,0
DA:63,0
DA:65,0
DA:68,0
DA:70,0
DA:71,0
DA:72,0
DA:75,0
DA:77,0
DA:78,0
DA:80,0
DA:83,0
DA:85,0
DA:86,0
DA:88,0
DA:99,0
DA:101,0
DA:102,0
DA:104,0
DA:105,0
LF:42
LH:0
end_of_record
SF:lib\utils\web_utils.dart
DA:7,0
DA:8,0
DA:9,0
DA:12,0
DA:13,0
DA:14,0
DA:18,0
DA:19,0
DA:20,0
DA:21,0
DA:23,0
LF:11
LH:0
end_of_record
SF:lib\views\pages\chat_page.dart
DA:8,1
DA:10,0
DA:11,0
DA:34,0
DA:36,0
DA:37,0
DA:40,0
DA:42,0
DA:44,0
DA:46,0
DA:47,0
DA:48,0
DA:49,0
DA:50,0
DA:51,0
DA:52,0
DA:54,0
DA:55,0
DA:61,0
DA:62,0
DA:63,0
DA:65,0
DA:67,0
DA:68,0
DA:72,0
DA:75,0
DA:77,0
DA:79,0
DA:83,0
DA:84,0
DA:86,0
DA:88,0
DA:89,0
DA:90,0
DA:96,0
DA:98,0
DA:104,0
DA:106,0
DA:108,0
DA:109,0
DA:110,0
DA:112,0
DA:114,0
DA:116,0
DA:117,0
DA:118,0
DA:119,0
DA:120,0
DA:143,0
DA:144,0
DA:146,0
DA:147,0
DA:151,0
DA:152,0
DA:156,0
DA:163,0
DA:165,0
DA:167,0
DA:168,0
DA:169,0
DA:171,0
DA:173,0
DA:174,0
DA:175,0
DA:176,0
DA:177,0
DA:182,0
DA:183,0
DA:184,0
DA:189,0
DA:190,0
DA:194,0
DA:196,0
DA:197,0
DA:198,0
DA:217,0
DA:218,0
DA:219,0
DA:223,0
DA:225,0
DA:226,0
DA:227,0
DA:228,0
DA:233,0
DA:235,0
DA:237,0
DA:239,0
DA:240,0
DA:241,0
DA:244,0
DA:253,0
DA:257,0
DA:258,0
DA:260,0
DA:262,0
DA:267,0
DA:273,0
DA:274,0
DA:275,0
DA:279,0
DA:280,0
DA:281,0
LF:102
LH:1
end_of_record
SF:lib\views\services\gemini_service.dart
DA:5,0
DA:16,0
DA:17,0
DA:21,0
DA:23,0
DA:24,0
DA:25,0
DA:31,0
DA:35,0
DA:38,0
DA:40,0
DA:42,0
DA:58,0
DA:69,0
DA:72,0
DA:73,0
DA:75,0
DA:76,0
DA:78,0
DA:79,0
DA:80,0
DA:85,0
DA:87,0
DA:97,0
DA:99,0
DA:102,0
DA:103,0
DA:108,0
DA:111,0
DA:114,0
DA:117,0
LF:31
LH:0
end_of_record
SF:lib\views\services\openrouter_service.dart
DA:5,0
DA:13,0
DA:14,0
DA:17,0
DA:19,0
DA:20,0
DA:21,0
DA:22,0
DA:23,0
DA:59,0
DA:62,0
DA:63,0
DA:67,0
DA:76,0
DA:78,0
DA:79,0
DA:80,0
DA:81,0
DA:84,0
LF:19
LH:0
end_of_record
SF:lib\views\services\chat_service.dart
DA:4,0
DA:6,0
DA:7,0
DA:10,0
DA:15,0
DA:16,0
DA:17,0
DA:20,0
DA:21,0
DA:22,0
DA:24,0
DA:25,0
LF:12
LH:0
end_of_record
SF:lib\views\pages\home_page.dart
DA:11,1
DA:13,0
DA:14,0
DA:20,0
DA:22,0
DA:25,0
DA:27,0
DA:30,0
DA:31,0
DA:32,0
DA:34,0
DA:35,0
DA:36,0
DA:37,0
DA:38,0
DA:39,0
DA:40,0
DA:43,0
DA:46,0
DA:47,0
DA:48,0
DA:49,0
DA:51,0
DA:54,0
DA:59,0
DA:61,0
DA:66,0
DA:68,0
DA:71,0
DA:73,0
DA:74,0
DA:75,0
DA:76,0
DA:77,0
DA:80,0
DA:95,0
DA:96,0
DA:97,0
DA:98,0
DA:100,0
DA:101,0
DA:103,0
DA:105,0
DA:106,0
DA:108,0
DA:109,0
DA:110,0
DA:111,0
DA:112,0
DA:114,0
DA:117,0
DA:119,0
DA:120,0
DA:121,0
DA:123,0
DA:125,0
DA:127,0
DA:137,0
DA:138,0
DA:140,0
DA:141,0
DA:142,0
DA:144,0
DA:146,0
DA:148,0
DA:157,0
DA:158,0
LF:67
LH:1
end_of_record
SF:lib\views\pages\processing_page.dart
DA:9,0
DA:13,0
DA:14,0
DA:21,0
DA:23,0
DA:24,0
DA:27,0
DA:29,0
DA:32,0
DA:33,0
DA:34,0
DA:35,0
DA:36,0
DA:38,0
DA:40,0
DA:41,0
DA:42,0
DA:46,0
DA:50,0
DA:52,0
DA:55,0
DA:62,0
DA:64,0
DA:65,0
DA:66,0
DA:68,0
DA:70,0
DA:72,0
DA:75,0
DA:76,0
DA:81,0
DA:82,0
LF:32
LH:0
end_of_record
SF:lib\views\pages\results_page.dart
DA:9,0
DA:13,0
DA:14,0
DA:21,0
DA:23,0
DA:24,0
DA:27,0
DA:29,0
DA:31,0
DA:34,0
DA:36,0
DA:40,0
DA:41,0
DA:43,0
DA:47,0
DA:50,0
DA:55,0
DA:56,0
DA:58,0
DA:60,0
DA:61,0
DA:62,0
DA:67,0
DA:69,0
DA:71,0
DA:73,0
DA:74,0
DA:76,0
DA:77,0
DA:78,0
DA:79,0
DA:80,0
DA:82,0
DA:85,0
DA:86,0
DA:91,0
DA:93,0
DA:94,0
DA:95,0
DA:96,0
DA:97,0
DA:98,0
DA:99,0
LF:43
LH:0
end_of_record
SF:lib\views\widgets\card_widget.dart
DA:13,0
DA:30,0
DA:31,0
DA:40,0
DA:42,0
DA:43,0
DA:44,0
DA:45,0
DA:49,0
DA:51,0
DA:53,0
DA:54,0
DA:56,0
DA:57,0
DA:65,0
DA:66,0
DA:68,0
DA:69,0
DA:72,0
DA:78,0
DA:83,0
DA:88,0
DA:89,0
DA:92,0
DA:94,0
DA:95,0
DA:100,0
DA:101,0
DA:109,0
DA:110,0
DA:114,0
DA:116,0
DA:120,0
DA:121,0
DA:122,0
DA:128,0
DA:129,0
DA:131,0
DA:133,0
DA:134,0
DA:140,0
DA:142,0
DA:144,0
DA:147,0
DA:148,0
DA:149,0
DA:150,0
DA:153,0
DA:154,0
DA:155,0
DA:157,0
DA:159,0
DA:161,0
DA:163,0
DA:165,0
DA:166,0
DA:173,0
DA:175,0
DA:176,0
DA:177,0
DA:180,0
DA:181,0
DA:182,0
DA:183,0
DA:184,0
DA:185,0
DA:195,0
DA:196,0
DA:197,0
DA:198,0
DA:204,0
DA:205,0
DA:208,0
DA:210,0
DA:211,0
DA:214,0
DA:217,0
DA:219,0
DA:221,0
DA:227,0
DA:228,0
DA:235,0
DA:236,0
DA:238,0
DA:244,0
DA:245,0
DA:247,0
DA:250,0
DA:251,0
DA:252,0
DA:253,0
DA:263,0
DA:264,0
DA:267,0
DA:269,0
DA:271,0
LF:96
LH:0
end_of_record
SF:lib\views\widgets\hero_widget.dart
DA:5,4
DA:9,0
DA:11,0
DA:13,0
DA:14,0
DA:16,0
DA:17,0
DA:18,0
DA:19,0
DA:20,0
DA:21,0
DA:22,0
DA:23,0
DA:36,0
DA:37,0
DA:38,0
DA:39,0
DA:40,0
DA:41,0
DA:42,0
LF:20
LH:1
end_of_record
SF:lib\views\pages\login_page.dart
DA:8,1
DA:10,0
DA:11,0
DA:23,0
DA:25,0
DA:26,0
DA:27,0
DA:30,0
DA:32,0
DA:33,0
DA:34,0
DA:35,0
DA:36,0
DA:37,0
DA:39,0
DA:40,0
DA:41,0
DA:42,0
DA:43,0
DA:46,0
DA:49,0
DA:50,0
DA:52,0
DA:53,0
DA:59,0
DA:60,0
DA:61,0
DA:63,0
DA:64,0
DA:67,0
DA:68,0
DA:72,0
DA:73,0
DA:74,0
DA:76,0
DA:77,0
DA:81,0
DA:82,0
DA:86,0
DA:87,0
DA:94,0
DA:96,0
DA:108,0
DA:127,0
DA:128,0
DA:129,0
DA:131,0
DA:133,0
DA:134,0
DA:135,0
DA:152,0
DA:153,0
DA:154,0
DA:155,0
DA:156,0
DA:160,0
DA:164,0
DA:165,0
DA:166,0
DA:167,0
DA:172,0
DA:173,0
DA:174,0
DA:178,0
DA:179,0
DA:180,0
DA:184,0
DA:185,0
DA:187,0
DA:197,0
DA:198,0
DA:199,0
DA:200,0
DA:203,0
DA:204,0
DA:205,0
LF:76
LH:1
end_of_record
SF:lib\views\widget_tree.dart
DA:20,0
DA:23,3
DA:25,0
DA:26,0
DA:35,0
DA:37,0
DA:38,0
DA:43,0
DA:44,0
DA:45,0
DA:46,0
DA:50,0
DA:51,0
DA:52,0
DA:53,0
DA:54,0
DA:56,0
DA:57,0
DA:60,0
DA:64,0
DA:67,0
DA:81,0
DA:83,0
DA:85,0
DA:93,0
DA:95,0
DA:96,0
DA:99,0
DA:100,0
DA:102,0
DA:106,0
DA:111,0
DA:112,0
DA:114,0
DA:115,0
DA:116,0
DA:117,0
DA:119,0
DA:120,0
DA:121,0
DA:122,0
DA:127,0
DA:132,0
DA:133,0
DA:134,0
DA:135,0
DA:139,0
DA:140,0
DA:141,0
DA:146,0
DA:148,0
DA:150,0
DA:151,0
DA:155,0
DA:156,0
DA:157,0
DA:160,0
DA:162,0
DA:163,0
DA:164,0
DA:165,0
DA:170,0
DA:172,0
DA:173,0
DA:176,0
DA:177,0
DA:179,0
DA:183,0
DA:188,0
DA:189,0
DA:191,0
DA:192,0
DA:193,0
DA:194,0
DA:196,0
DA:197,0
DA:198,0
DA:199,0
DA:204,0
DA:209,0
DA:210,0
DA:211,0
DA:212,0
DA:216,0
DA:217,0
DA:218,0
DA:223,0
DA:224,0
DA:225,0
DA:227,0
DA:229,0
DA:230,0
DA:231,0
DA:232,0
LF:94
LH:1
end_of_record
SF:lib\views\widgets\google_sign_in_button.dart
DA:9,0
DA:15,0
DA:17,0
DA:18,0
DA:22,0
DA:23,0
DA:24,0
DA:27,0
DA:29,0
DA:38,0
DA:40,0
DA:41,0
DA:56,0
DA:58,0
DA:59,0
DA:62,0
DA:64,0
DA:67,0
LF:18
LH:0
end_of_record
SF:lib\views\widgets\appbar_widget.dart
DA:4,5
DA:6,0
DA:8,0
DA:16,0
LF:4
LH:1
end_of_record
SF:lib\views\pages\profile_page.dart
DA:11,1
DA:13,0
DA:14,0
DA:27,0
DA:29,0
DA:30,0
DA:40,0
DA:42,0
DA:45,0
DA:46,0
DA:47,0
DA:48,0
DA:49,0
DA:50,0
DA:51,0
DA:52,0
DA:55,0
DA:58,0
DA:59,0
DA:60,0
DA:64,0
DA:65,0
DA:66,0
DA:72,0
DA:74,0
DA:75,0
DA:76,0
DA:78,0
DA:80,0
DA:81,0
DA:82,0
DA:83,0
DA:84,0
DA:87,0
DA:88,0
DA:89,0
DA:95,0
DA:97,0
DA:99,0
DA:101,0
DA:103,0
DA:104,0
DA:105,0
DA:110,0
DA:111,0
DA:112,0
DA:118,0
DA:119,0
DA:120,0
DA:122,0
DA:123,0
DA:124,0
DA:129,0
DA:131,0
DA:135,0
DA:136,0
DA:137,0
DA:138,0
DA:140,0
DA:141,0
DA:142,0
DA:143,0
DA:152,0
DA:153,0
DA:154,0
DA:156,0
DA:158,0
DA:160,0
DA:161,0
DA:162,0
DA:163,0
DA:164,0
DA:166,0
DA:167,0
DA:170,0
DA:173,0
DA:175,0
DA:176,0
DA:190,0
DA:191,0
DA:197,0
DA:198,0
DA:202,0
DA:210,0
DA:211,0
DA:212,0
DA:214,0
DA:216,0
DA:227,0
DA:232,0
DA:237,0
DA:242,0
DA:253,0
DA:254,0
DA:256,0
DA:257,0
DA:258,0
DA:260,0
DA:261,0
DA:263,0
DA:264,0
DA:268,0
LF:102
LH:1
end_of_record
SF:lib\views\widgets\avatar_picker_dialog.dart
DA:10,0
DA:16,0
DA:17,0
DA:32,0
DA:34,0
DA:35,0
DA:43,0
DA:44,0
DA:45,0
DA:48,0
DA:49,0
DA:52,0
DA:54,0
DA:55,0
DA:56,0
DA:59,0
DA:61,0
DA:65,0
DA:66,0
DA:67,0
DA:68,0
DA:71,0
DA:72,0
DA:75,0
DA:76,0
DA:82,0
DA:84,0
DA:85,0
DA:86,0
DA:88,0
DA:90,0
DA:91,0
DA:93,0
DA:96,0
DA:97,0
DA:100,0
DA:104,0
DA:105,0
DA:106,0
DA:107,0
DA:108,0
DA:109,0
DA:111,0
DA:113,0
DA:118,0
DA:119,0
DA:120,0
DA:122,0
DA:124,0
DA:126,0
DA:129,0
DA:135,0
DA:136,0
DA:137,0
LF:54
LH:0
end_of_record
SF:lib\views\pages\register_page.dart
DA:8,1
DA:10,0
DA:11,0
DA:24,0
DA:26,0
DA:27,0
DA:28,0
DA:29,0
DA:32,0
DA:34,0
DA:35,0
DA:36,0
DA:37,0
DA:38,0
DA:39,0
DA:41,0
DA:42,0
DA:43,0
DA:44,0
DA:45,0
DA:48,0
DA:51,0
DA:52,0
DA:54,0
DA:55,0
DA:61,0
DA:62,0
DA:63,0
DA:65,0
DA:66,0
DA:71,0
DA:72,0
DA:74,0
DA:76,0
DA:77,0
DA:82,0
DA:83,0
DA:85,0
DA:87,0
DA:88,0
DA:93,0
DA:94,0
DA:102,0
DA:104,0
DA:116,0
DA:134,0
DA:135,0
DA:136,0
DA:138,0
DA:140,0
DA:141,0
DA:142,0
DA:159,0
DA:160,0
DA:161,0
DA:162,0
DA:163,0
DA:167,0
DA:171,0
DA:172,0
DA:173,0
DA:174,0
DA:175,0
DA:176,0
DA:181,0
DA:182,0
DA:183,0
DA:188,0
DA:189,0
DA:190,0
DA:194,0
DA:195,0
DA:196,0
DA:200,0
DA:201,0
DA:203,0
DA:213,0
DA:214,0
DA:215,0
DA:216,0
DA:219,0
DA:220,0
DA:221,0
LF:83
LH:1
end_of_record
SF:lib\views\pages\segment_page.dart
DA:19,0
DA:30,0
DA:31,0
DA:55,0
DA:58,0
DA:60,0
DA:67,0
DA:69,0
DA:70,0
DA:72,0
DA:73,0
DA:75,0
DA:79,0
DA:82,0
DA:83,0
DA:88,0
DA:89,0
DA:91,0
DA:92,0
DA:96,0
DA:97,0
DA:100,0
DA:103,0
DA:104,0
DA:108,0
DA:115,0
DA:116,0
DA:121,0
DA:122,0
DA:123,0
DA:124,0
DA:130,0
DA:132,0
DA:136,0
DA:141,0
DA:142,0
DA:143,0
DA:144,0
DA:153,0
DA:154,0
DA:156,0
DA:157,0
DA:162,0
DA:168,0
DA:174,0
DA:177,0
DA:179,0
DA:185,0
DA:187,0
DA:189,0
DA:190,0
DA:192,0
DA:193,0
DA:195,0
DA:196,0
DA:199,0
DA:204,0
DA:209,0
DA:211,0
DA:212,0
DA:213,0
DA:214,0
DA:227,0
DA:228,0
DA:229,0
DA:231,0
DA:232,0
DA:234,0
DA:237,0
DA:244,0
DA:245,0
DA:246,0
DA:248,0
DA:251,0
DA:267,0
DA:268,0
DA:270,0
DA:272,0
DA:277,0
DA:280,0
DA:288,0
DA:289,0
DA:290,0
DA:301,0
DA:302,0
DA:303,0
DA:304,0
DA:306,0
DA:310,0
DA:312,0
DA:314,0
DA:317,0
DA:321,0
DA:325,0
DA:329,0
DA:331,0
DA:336,0
DA:338,0
DA:339,0
DA:341,0
DA:342,0
DA:343,0
DA:347,0
DA:348,0
DA:349,0
DA:350,0
DA:353,0
DA:363,0
DA:364,0
DA:367,0
DA:369,0
DA:370,0
DA:372,0
DA:374,0
DA:377,0
DA:379,0
DA:381,0
DA:382,0
DA:384,0
DA:392,0
DA:394,0
DA:395,0
DA:396,0
DA:397,0
DA:399,0
DA:407,0
DA:409,0
DA:411,0
DA:432,0
DA:434,0
DA:435,0
DA:437,0
DA:438,0
DA:439,0
DA:440,0
DA:441,0
DA:443,0
DA:444,0
DA:447,0
DA:449,0
DA:451,0
DA:452,0
DA:456,0
DA:457,0
DA:459,0
DA:463,0
DA:467,0
DA:468,0
DA:470,0
DA:471,0
DA:473,0
DA:476,0
DA:499,0
DA:500,0
DA:501,0
DA:503,0
DA:506,0
DA:514,0
DA:515,0
DA:516,0
DA:523,0
DA:524,0
DA:538,0
DA:539,0
DA:543,0
DA:545,0
DA:547,0
DA:549,0
DA:550,0
DA:552,0
DA:554,0
DA:561,0
DA:562,0
DA:567,0
DA:569,0
DA:574,0
DA:575,0
DA:576,0
DA:583,0
DA:586,0
DA:589,0
DA:592,0
DA:598,0
DA:599,0
DA:602,0
DA:603,0
DA:609,0
DA:610,0
DA:611,0
DA:613,0
DA:614,0
DA:615,0
DA:616,0
DA:618,0
DA:619,0
DA:621,0
DA:622,0
DA:623,0
DA:625,0
DA:633,0
DA:635,0
DA:637,0
DA:638,0
DA:639,0
DA:640,0
DA:642,0
DA:643,0
DA:644,0
DA:645,0
DA:647,0
DA:648,0
DA:651,0
DA:659,0
DA:661,0
DA:663,0
DA:664,0
DA:665,0
DA:666,0
DA:668,0
DA:669,0
DA:670,0
DA:671,0
DA:673,0
DA:674,0
DA:677,0
DA:696,0
DA:697,0
DA:698,0
DA:701,0
DA:703,0
DA:704,0
DA:705,0
DA:706,0
DA:708,0
DA:710,0
DA:712,0
DA:713,0
DA:715,0
DA:716,0
DA:742,0
DA:744,0
DA:745,0
DA:746,0
DA:749,0
DA:750,0
DA:753,0
DA:754,0
DA:755,0
DA:757,0
DA:761,0
DA:762,0
DA:763,0
DA:764,0
DA:766,0
DA:779,0
DA:782,0
DA:783,0
DA:784,0
DA:785,0
DA:787,0
DA:788,0
DA:789,0
DA:790,0
DA:792,0
DA:793,0
DA:795,0
DA:796,0
DA:834,0
DA:835,0
DA:837,0
DA:838,0
DA:840,0
DA:843,0
DA:851,0
DA:852,0
DA:855,0
DA:856,0
DA:859,0
DA:864,0
DA:867,0
DA:868,0
DA:870,0
DA:897,0
DA:904,0
DA:907,0
DA:908,0
DA:910,0
DA:928,0
DA:933,0
DA:934,0
DA:936,0
DA:940,0
DA:949,0
DA:950,0
DA:951,0
DA:962,0
DA:968,0
DA:972,0
DA:973,0
DA:981,0
DA:987,0
DA:988,0
DA:989,0
DA:991,0
DA:1004,0
DA:1009,0
DA:1014,0
DA:1017,0
DA:1018,0
DA:1019,0
DA:1024,0
DA:1028,0
DA:1031,0
DA:1032,0
DA:1033,0
DA:1044,0
DA:1052,0
DA:1065,0
DA:1073,0
DA:1080,0
DA:1081,0
DA:1085,0
DA:1086,0
DA:1088,0
DA:1091,0
DA:1092,0
DA:1096,0
DA:1097,0
DA:1103,0
DA:1120,0
DA:1124,0
DA:1125,0
DA:1126,0
DA:1131,0
DA:1134,0
DA:1135,0
DA:1142,0
DA:1146,0
DA:1147,0
DA:1148,0
DA:1154,0
DA:1156,0
DA:1160,0
DA:1163,0
DA:1166,0
DA:1174,0
DA:1175,0
DA:1177,0
DA:1180,0
DA:1183,0
DA:1184,0
DA:1185,0
DA:1187,0
DA:1188,0
DA:1189,0
DA:1190,0
DA:1192,0
DA:1193,0
DA:1195,0
DA:1196,0
DA:1198,0
DA:1203,0
DA:1204,0
DA:1207,0
DA:1209,0
DA:1210,0
DA:1212,0
DA:1214,0
DA:1217,0
DA:1225,0
DA:1230,0
DA:1235,0
DA:1240,0
DA:1241,0
DA:1242,0
DA:1248,0
DA:1251,0
DA:1257,0
DA:1258,0
DA:1263,0
DA:1268,0
DA:1274,0
DA:1275,0
DA:1276,0
DA:1277,0
DA:1279,0
DA:1280,0
DA:1289,0
DA:1290,0
DA:1291,0
DA:1292,0
DA:1295,0
DA:1298,0
DA:1299,0
DA:1305,0
DA:1306,0
DA:1318,0
DA:1322,0
DA:1327,0
DA:1329,0
LF:400
LH:0
end_of_record
SF:lib\views\widgets\segment_hero_widget.dart
DA:6,0
DA:17,0
DA:19,0
DA:20,0
DA:21,0
DA:22,0
DA:23,0
DA:24,0
DA:25,0
DA:26,0
DA:27,0
DA:29,0
DA:32,0
DA:35,0
DA:36,0
DA:37,0
DA:38,0
DA:47,0
DA:54,0
DA:55,0
DA:56,0
DA:57,0
DA:58,0
DA:60,0
DA:63,0
DA:66,0
DA:67,0
DA:68,0
DA:69,0
LF:29
LH:0
end_of_record
SF:lib\views\pages\settings_page.dart
DA:8,1
DA:11,0
DA:12,0
DA:18,0
DA:19,0
DA:20,0
DA:21,0
DA:24,0
DA:26,0
DA:27,0
DA:33,0
DA:34,0
DA:37,0
DA:38,0
DA:39,0
DA:40,0
DA:41,0
DA:45,0
DA:47,0
DA:48,0
LF:20
LH:1
end_of_record
SF:lib\views\pages\take_picture_page.dart
DA:12,0
DA:14,0
DA:15,0
DA:27,0
DA:29,0
DA:30,0
DA:31,0
DA:34,0
DA:36,0
DA:37,0
DA:38,0
DA:41,0
DA:43,0
DA:46,0
DA:50,0
DA:51,0
DA:52,0
DA:53,0
DA:57,0
DA:58,0
DA:59,0
DA:60,0
DA:64,0
DA:66,0
DA:69,0
DA:70,0
DA:77,0
DA:80,0
DA:81,0
DA:82,0
DA:83,0
DA:84,0
DA:86,0
DA:90,0
DA:91,0
DA:92,0
DA:93,0
DA:94,0
DA:97,0
DA:104,0
DA:106,0
DA:109,0
DA:110,0
DA:111,0
DA:115,0
DA:116,0
DA:119,0
DA:124,0
DA:126,0
DA:128,0
DA:130,0
DA:133,0
DA:135,0
DA:137,0
DA:142,0
DA:143,0
DA:145,0
DA:146,0
DA:152,0
DA:153,0
DA:154,0
DA:157,0
DA:158,0
DA:159,0
DA:160,0
DA:161,0
DA:162,0
DA:164,0
DA:182,0
DA:183,0
DA:184,0
DA:186,0
DA:189,0
DA:191,0
DA:192,0
DA:198,0
DA:199,0
DA:200,0
DA:201,0
DA:203,0
DA:212,0
DA:213,0
DA:214,0
DA:215,0
DA:220,0
DA:225,0
DA:227,0
DA:231,0
DA:233,0
DA:238,0
DA:241,0
DA:245,0
DA:246,0
DA:247,0
DA:248,0
LF:95
LH:0
end_of_record
SF:lib\views\widgets\navbar_widget.dart
DA:5,1
DA:7,0
DA:9,0
DA:10,0
DA:11,0
DA:12,0
DA:21,0
DA:22,0
LF:8
LH:1
end_of_record
SF:lib\views\widgets\drawer_widget.dart
DA:8,1
DA:10,0
DA:12,0
DA:13,0
DA:14,0
DA:15,0
DA:17,0
DA:18,0
DA:19,0
DA:25,0
DA:32,0
DA:36,0
DA:38,0
DA:39,0
DA:46,0
DA:49,0
DA:54,0
DA:57,0
DA:58,0
DA:59,0
DA:61,0
DA:62,0
LF:22
LH:1
end_of_record
